[ 2017-07-09T08:57:30+08:00 ] 127.0.0.1 /wechat.php
INFO: [ app_init ] --START--
INFO: Run Behavior\BuildLiteBehavior [ RunTime:0.000014s ]
INFO: Run Common\Behavior\InitHookBehavior [ RunTime:0.029185s ]
INFO: [ app_init ] --END-- [ RunTime:0.030824s ]
INFO: [ app_begin ] --START--
INFO: Run Behavior\ReadHtmlCacheBehavior [ RunTime:0.008564s ]
INFO: [ app_begin ] --END-- [ RunTime:0.008656s ]
SQL: SHOW COLUMNS FROM `config` [ RunTime:0.1423s ]
SQL: SELECT `type`,`name`,`value` FROM `config` WHERE `status` = 1  [ RunTime:0.0692s ]

[ 2017-07-09T08:57:41+08:00 ] 127.0.0.1 /wechat.php?s=/Index/notice.html
INFO: [ app_init ] --START--
INFO: Run Behavior\BuildLiteBehavior [ RunTime:0.000017s ]
INFO: Run Common\Behavior\InitHookBehavior [ RunTime:0.002712s ]
INFO: [ app_init ] --END-- [ RunTime:0.003322s ]
INFO: [ app_begin ] --START--
INFO: Run Behavior\ReadHtmlCacheBehavior [ RunTime:0.000489s ]
INFO: [ app_begin ] --END-- [ RunTime:0.000537s ]
SQL: SHOW COLUMNS FROM `config` [ RunTime:0.0035s ]
SQL: SELECT `type`,`name`,`value` FROM `config` WHERE `status` = 1  [ RunTime:0.0008s ]

[ 2017-07-09T08:57:42+08:00 ] 127.0.0.1 /wechat.php?s=/Index/notice/p/2
INFO: [ app_init ] --START--
INFO: Run Behavior\BuildLiteBehavior [ RunTime:0.000012s ]
INFO: Run Common\Behavior\InitHookBehavior [ RunTime:0.001225s ]
INFO: [ app_init ] --END-- [ RunTime:0.001602s ]
INFO: [ app_begin ] --START--
INFO: Run Behavior\ReadHtmlCacheBehavior [ RunTime:0.000588s ]
INFO: [ app_begin ] --END-- [ RunTime:0.000659s ]
SQL: SHOW COLUMNS FROM `config` [ RunTime:0.0036s ]
SQL: SELECT `type`,`name`,`value` FROM `config` WHERE `status` = 1  [ RunTime:0.0004s ]
SQL: SHOW COLUMNS FROM `document` [ RunTime:0.0038s ]
SQL: SELECT * FROM `document` WHERE ( status=1 AND category_id=2 ) LIMIT 0,2   [ RunTime:0.0004s ]
SQL: SELECT * FROM `document` WHERE ( status=1 AND category_id=2 ) LIMIT 2,2   [ RunTime:0.0004s ]
SQL: SHOW COLUMNS FROM `picture` [ RunTime:0.0034s ]
SQL: SELECT * FROM `picture` WHERE ( id=8 ) LIMIT 1   [ RunTime:0.0003s ]

[ 2017-07-09T08:57:44+08:00 ] 127.0.0.1 /wechat.php?s=/Index/notice/p/3
INFO: [ app_init ] --START--
INFO: Run Behavior\BuildLiteBehavior [ RunTime:0.000012s ]
INFO: Run Common\Behavior\InitHookBehavior [ RunTime:0.001208s ]
INFO: [ app_init ] --END-- [ RunTime:0.001530s ]
INFO: [ app_begin ] --START--
INFO: Run Behavior\ReadHtmlCacheBehavior [ RunTime:0.000656s ]
INFO: [ app_begin ] --END-- [ RunTime:0.000741s ]
SQL: SHOW COLUMNS FROM `config` [ RunTime:0.0034s ]
SQL: SELECT `type`,`name`,`value` FROM `config` WHERE `status` = 1  [ RunTime:0.0005s ]
SQL: SHOW COLUMNS FROM `document` [ RunTime:0.0041s ]
SQL: SELECT * FROM `document` WHERE ( status=1 AND category_id=2 ) LIMIT 0,2   [ RunTime:0.0004s ]
SQL: SELECT * FROM `document` WHERE ( status=1 AND category_id=2 ) LIMIT 4,2   [ RunTime:0.0003s ]

[ 2017-07-09T08:57:50+08:00 ] 127.0.0.1 /wechat.php?s=/Active/index.html
INFO: [ app_init ] --START--
INFO: Run Behavior\BuildLiteBehavior [ RunTime:0.000014s ]
INFO: Run Common\Behavior\InitHookBehavior [ RunTime:0.001155s ]
INFO: [ app_init ] --END-- [ RunTime:0.001526s ]
INFO: [ app_begin ] --START--
INFO: Run Behavior\ReadHtmlCacheBehavior [ RunTime:0.000370s ]
INFO: [ app_begin ] --END-- [ RunTime:0.000444s ]
SQL: SHOW COLUMNS FROM `config` [ RunTime:0.0050s ]
SQL: SELECT `type`,`name`,`value` FROM `config` WHERE `status` = 1  [ RunTime:0.0004s ]

[ 2017-07-09T08:57:52+08:00 ] 127.0.0.1 /wechat.php?s=/Active/index/p/2
INFO: [ app_init ] --START--
INFO: Run Behavior\BuildLiteBehavior [ RunTime:0.000010s ]
INFO: Run Common\Behavior\InitHookBehavior [ RunTime:0.001170s ]
INFO: [ app_init ] --END-- [ RunTime:0.001490s ]
INFO: [ app_begin ] --START--
INFO: Run Behavior\ReadHtmlCacheBehavior [ RunTime:0.000573s ]
INFO: [ app_begin ] --END-- [ RunTime:0.000652s ]
SQL: SHOW COLUMNS FROM `config` [ RunTime:0.0036s ]
SQL: SELECT `type`,`name`,`value` FROM `config` WHERE `status` = 1  [ RunTime:0.0005s ]
SQL: SHOW COLUMNS FROM `document` [ RunTime:0.0042s ]
SQL: SELECT * FROM `document` WHERE ( status=1 AND category_id=40 ) LIMIT 0,2   [ RunTime:0.0004s ]
SQL: SELECT * FROM `document` WHERE ( status=1 AND category_id=40 ) LIMIT 2,2   [ RunTime:0.0003s ]
SQL: SHOW COLUMNS FROM `picture` [ RunTime:0.0034s ]
SQL: SELECT * FROM `picture` WHERE ( id=14 ) LIMIT 1   [ RunTime:0.0003s ]

[ 2017-07-09T08:58:42+08:00 ] 127.0.0.1 /wechat.php?s=/Active/index.html
INFO: [ app_init ] --START--
INFO: Run Behavior\BuildLiteBehavior [ RunTime:0.000010s ]
INFO: Run Common\Behavior\InitHookBehavior [ RunTime:0.001475s ]
INFO: [ app_init ] --END-- [ RunTime:0.001792s ]
INFO: [ app_begin ] --START--
INFO: Run Behavior\ReadHtmlCacheBehavior [ RunTime:0.001029s ]
INFO: [ app_begin ] --END-- [ RunTime:0.001133s ]
SQL: SHOW COLUMNS FROM `config` [ RunTime:0.0036s ]
SQL: SELECT `type`,`name`,`value` FROM `config` WHERE `status` = 1  [ RunTime:0.0008s ]

[ 2017-07-09T08:58:44+08:00 ] 127.0.0.1 /wechat.php?s=/Active/index/p/2
INFO: [ app_init ] --START--
INFO: Run Behavior\BuildLiteBehavior [ RunTime:0.000011s ]
INFO: Run Common\Behavior\InitHookBehavior [ RunTime:0.001667s ]
INFO: [ app_init ] --END-- [ RunTime:0.001999s ]
INFO: [ app_begin ] --START--
INFO: Run Behavior\ReadHtmlCacheBehavior [ RunTime:0.000596s ]
INFO: [ app_begin ] --END-- [ RunTime:0.000673s ]
SQL: SHOW COLUMNS FROM `config` [ RunTime:0.2164s ]
SQL: SELECT `type`,`name`,`value` FROM `config` WHERE `status` = 1  [ RunTime:0.0011s ]
SQL: SHOW COLUMNS FROM `document` [ RunTime:0.0129s ]
SQL: SELECT * FROM `document` WHERE ( status=1 AND category_id=40 ) LIMIT 0,2   [ RunTime:0.0010s ]
SQL: SELECT * FROM `document` WHERE ( status=1 AND category_id=40 ) LIMIT 2,2   [ RunTime:0.0009s ]
SQL: SHOW COLUMNS FROM `picture` [ RunTime:0.0048s ]
SQL: SELECT * FROM `picture` WHERE ( id=14 ) LIMIT 1   [ RunTime:0.0005s ]

[ 2017-07-09T08:58:47+08:00 ] 127.0.0.1 /wechat.php?s=/Active/index.html
INFO: [ app_init ] --START--
INFO: Run Behavior\BuildLiteBehavior [ RunTime:0.000011s ]
INFO: Run Common\Behavior\InitHookBehavior [ RunTime:0.001299s ]
INFO: [ app_init ] --END-- [ RunTime:0.001600s ]
INFO: [ app_begin ] --START--
INFO: Run Behavior\ReadHtmlCacheBehavior [ RunTime:0.000390s ]
INFO: [ app_begin ] --END-- [ RunTime:0.000436s ]
SQL: SHOW COLUMNS FROM `config` [ RunTime:0.0166s ]
SQL: SELECT `type`,`name`,`value` FROM `config` WHERE `status` = 1  [ RunTime:0.0004s ]

[ 2017-07-09T08:58:49+08:00 ] 127.0.0.1 /wechat.php?s=/Active/index/p/2
INFO: [ app_init ] --START--
INFO: Run Behavior\BuildLiteBehavior [ RunTime:0.000011s ]
INFO: Run Common\Behavior\InitHookBehavior [ RunTime:0.001206s ]
INFO: [ app_init ] --END-- [ RunTime:0.001507s ]
INFO: [ app_begin ] --START--
INFO: Run Behavior\ReadHtmlCacheBehavior [ RunTime:0.000366s ]
INFO: [ app_begin ] --END-- [ RunTime:0.000418s ]
SQL: SHOW COLUMNS FROM `config` [ RunTime:0.0074s ]
SQL: SELECT `type`,`name`,`value` FROM `config` WHERE `status` = 1  [ RunTime:0.0004s ]
SQL: SHOW COLUMNS FROM `document` [ RunTime:0.0038s ]
SQL: SELECT * FROM `document` WHERE ( status=1 AND category_id=40 ) LIMIT 0,2   [ RunTime:0.0004s ]
SQL: SELECT * FROM `document` WHERE ( status=1 AND category_id=40 ) LIMIT 2,2   [ RunTime:0.0003s ]
SQL: SHOW COLUMNS FROM `picture` [ RunTime:0.0038s ]
SQL: SELECT * FROM `picture` WHERE ( id=14 ) LIMIT 1   [ RunTime:0.0003s ]

[ 2017-07-09T08:59:24+08:00 ] 127.0.0.1 /wechat.php?s=/Active/index.html
INFO: [ app_init ] --START--
INFO: Run Behavior\BuildLiteBehavior [ RunTime:0.000010s ]
INFO: Run Common\Behavior\InitHookBehavior [ RunTime:0.001282s ]
INFO: [ app_init ] --END-- [ RunTime:0.001630s ]
INFO: [ app_begin ] --START--
INFO: Run Behavior\ReadHtmlCacheBehavior [ RunTime:0.000429s ]
INFO: [ app_begin ] --END-- [ RunTime:0.000488s ]
SQL: SHOW COLUMNS FROM `config` [ RunTime:0.1034s ]
SQL: SELECT `type`,`name`,`value` FROM `config` WHERE `status` = 1  [ RunTime:0.0007s ]

[ 2017-07-09T08:59:25+08:00 ] 127.0.0.1 /wechat.php?s=/Active/index/p/2
INFO: [ app_init ] --START--
INFO: Run Behavior\BuildLiteBehavior [ RunTime:0.000020s ]
INFO: Run Common\Behavior\InitHookBehavior [ RunTime:0.002047s ]
INFO: [ app_init ] --END-- [ RunTime:0.002612s ]
INFO: [ app_begin ] --START--
INFO: Run Behavior\ReadHtmlCacheBehavior [ RunTime:0.000601s ]
INFO: [ app_begin ] --END-- [ RunTime:0.000673s ]
SQL: SHOW COLUMNS FROM `config` [ RunTime:0.0050s ]
SQL: SELECT `type`,`name`,`value` FROM `config` WHERE `status` = 1  [ RunTime:0.0005s ]
SQL: SHOW COLUMNS FROM `document` [ RunTime:0.0047s ]
SQL: SELECT * FROM `document` WHERE ( status=1 AND category_id=40 ) LIMIT 0,2   [ RunTime:0.0005s ]
SQL: SELECT * FROM `document` WHERE ( status=1 AND category_id=40 ) LIMIT 2,2   [ RunTime:0.0004s ]
SQL: SHOW COLUMNS FROM `picture` [ RunTime:0.0048s ]
SQL: SELECT * FROM `picture` WHERE ( id=14 ) LIMIT 1   [ RunTime:0.0004s ]

[ 2017-07-09T08:59:34+08:00 ] 127.0.0.1 /wechat.php?s=/Active/index.html
INFO: [ app_init ] --START--
INFO: Run Behavior\BuildLiteBehavior [ RunTime:0.000011s ]
INFO: Run Common\Behavior\InitHookBehavior [ RunTime:0.001872s ]
INFO: [ app_init ] --END-- [ RunTime:0.002239s ]
INFO: [ app_begin ] --START--
INFO: Run Behavior\ReadHtmlCacheBehavior [ RunTime:0.000972s ]
INFO: [ app_begin ] --END-- [ RunTime:0.001051s ]
SQL: SHOW COLUMNS FROM `config` [ RunTime:0.0041s ]
SQL: SELECT `type`,`name`,`value` FROM `config` WHERE `status` = 1  [ RunTime:0.0006s ]

[ 2017-07-09T08:59:35+08:00 ] 127.0.0.1 /wechat.php?s=/Active/index/p/2
INFO: [ app_init ] --START--
INFO: Run Behavior\BuildLiteBehavior [ RunTime:0.000010s ]
INFO: Run Common\Behavior\InitHookBehavior [ RunTime:0.002162s ]
INFO: [ app_init ] --END-- [ RunTime:0.002470s ]
INFO: [ app_begin ] --START--
INFO: Run Behavior\ReadHtmlCacheBehavior [ RunTime:0.000500s ]
INFO: [ app_begin ] --END-- [ RunTime:0.000568s ]
SQL: SHOW COLUMNS FROM `config` [ RunTime:0.0045s ]
SQL: SELECT `type`,`name`,`value` FROM `config` WHERE `status` = 1  [ RunTime:0.0004s ]
SQL: SHOW COLUMNS FROM `document` [ RunTime:0.0050s ]
SQL: SELECT * FROM `document` WHERE ( status=1 AND category_id=40 ) LIMIT 0,2   [ RunTime:0.0005s ]
SQL: SELECT * FROM `document` WHERE ( status=1 AND category_id=40 ) LIMIT 2,2   [ RunTime:0.0004s ]
SQL: SHOW COLUMNS FROM `picture` [ RunTime:0.0036s ]
SQL: SELECT * FROM `picture` WHERE ( id=14 ) LIMIT 1   [ RunTime:0.0006s ]

[ 2017-07-09T08:59:51+08:00 ] 127.0.0.1 /wechat.php?s=/Active/index.html
INFO: [ app_init ] --START--
INFO: Run Behavior\BuildLiteBehavior [ RunTime:0.000015s ]
INFO: Run Common\Behavior\InitHookBehavior [ RunTime:0.001717s ]
INFO: [ app_init ] --END-- [ RunTime:0.002144s ]
INFO: [ app_begin ] --START--
INFO: Run Behavior\ReadHtmlCacheBehavior [ RunTime:0.000489s ]
INFO: [ app_begin ] --END-- [ RunTime:0.000536s ]
SQL: SHOW COLUMNS FROM `config` [ RunTime:0.0295s ]
SQL: SELECT `type`,`name`,`value` FROM `config` WHERE `status` = 1  [ RunTime:0.0005s ]

[ 2017-07-09T08:59:53+08:00 ] 127.0.0.1 /wechat.php?s=/Active/index/p/2
INFO: [ app_init ] --START--
INFO: Run Behavior\BuildLiteBehavior [ RunTime:0.000010s ]
INFO: Run Common\Behavior\InitHookBehavior [ RunTime:0.001553s ]
INFO: [ app_init ] --END-- [ RunTime:0.001899s ]
INFO: [ app_begin ] --START--
INFO: Run Behavior\ReadHtmlCacheBehavior [ RunTime:0.000479s ]
INFO: [ app_begin ] --END-- [ RunTime:0.000543s ]
SQL: SHOW COLUMNS FROM `config` [ RunTime:0.1246s ]
SQL: SELECT `type`,`name`,`value` FROM `config` WHERE `status` = 1  [ RunTime:0.0004s ]
SQL: SHOW COLUMNS FROM `document` [ RunTime:0.0041s ]
SQL: SELECT * FROM `document` WHERE ( status=1 AND category_id=40 ) LIMIT 0,2   [ RunTime:0.0004s ]
SQL: SELECT * FROM `document` WHERE ( status=1 AND category_id=40 ) LIMIT 2,2   [ RunTime:0.0003s ]
SQL: SHOW COLUMNS FROM `picture` [ RunTime:0.0037s ]
SQL: SELECT * FROM `picture` WHERE ( id=14 ) LIMIT 1   [ RunTime:0.0003s ]

[ 2017-07-09T08:59:55+08:00 ] 127.0.0.1 /wechat.php?s=/Active/index.html
INFO: [ app_init ] --START--
INFO: Run Behavior\BuildLiteBehavior [ RunTime:0.000012s ]
INFO: Run Common\Behavior\InitHookBehavior [ RunTime:0.001706s ]
INFO: [ app_init ] --END-- [ RunTime:0.002124s ]
INFO: [ app_begin ] --START--
INFO: Run Behavior\ReadHtmlCacheBehavior [ RunTime:0.000509s ]
INFO: [ app_begin ] --END-- [ RunTime:0.000560s ]
SQL: SHOW COLUMNS FROM `config` [ RunTime:0.0402s ]
SQL: SELECT `type`,`name`,`value` FROM `config` WHERE `status` = 1  [ RunTime:0.0004s ]

[ 2017-07-09T08:59:55+08:00 ] 127.0.0.1 /wechat.php?s=/Active/index.html
INFO: [ app_init ] --START--
INFO: Run Behavior\BuildLiteBehavior [ RunTime:0.000014s ]
INFO: Run Common\Behavior\InitHookBehavior [ RunTime:0.001227s ]
INFO: [ app_init ] --END-- [ RunTime:0.001564s ]
INFO: [ app_begin ] --START--
INFO: Run Behavior\ReadHtmlCacheBehavior [ RunTime:0.000818s ]
INFO: [ app_begin ] --END-- [ RunTime:0.000903s ]
SQL: SHOW COLUMNS FROM `config` [ RunTime:0.0821s ]
SQL: SELECT `type`,`name`,`value` FROM `config` WHERE `status` = 1  [ RunTime:0.0004s ]

[ 2017-07-09T08:59:56+08:00 ] 127.0.0.1 /wechat.php?s=/Active/index/p/2
INFO: [ app_init ] --START--
INFO: Run Behavior\BuildLiteBehavior [ RunTime:0.000009s ]
INFO: Run Common\Behavior\InitHookBehavior [ RunTime:0.001115s ]
INFO: [ app_init ] --END-- [ RunTime:0.001407s ]
INFO: [ app_begin ] --START--
INFO: Run Behavior\ReadHtmlCacheBehavior [ RunTime:0.000383s ]
INFO: [ app_begin ] --END-- [ RunTime:0.000426s ]
SQL: SHOW COLUMNS FROM `config` [ RunTime:0.0498s ]
SQL: SELECT `type`,`name`,`value` FROM `config` WHERE `status` = 1  [ RunTime:0.0004s ]
SQL: SHOW COLUMNS FROM `document` [ RunTime:0.0035s ]
SQL: SELECT * FROM `document` WHERE ( status=1 AND category_id=40 ) LIMIT 0,2   [ RunTime:0.0006s ]
SQL: SELECT * FROM `document` WHERE ( status=1 AND category_id=40 ) LIMIT 2,2   [ RunTime:0.0006s ]
SQL: SHOW COLUMNS FROM `picture` [ RunTime:0.0043s ]
SQL: SELECT * FROM `picture` WHERE ( id=14 ) LIMIT 1   [ RunTime:0.0005s ]

[ 2017-07-09T09:02:11+08:00 ] 127.0.0.1 /wechat.php?s=/Active/index.html
INFO: [ app_init ] --START--
INFO: Run Behavior\BuildLiteBehavior [ RunTime:0.000011s ]
INFO: Run Common\Behavior\InitHookBehavior [ RunTime:0.001116s ]
INFO: [ app_init ] --END-- [ RunTime:0.001433s ]
INFO: [ app_begin ] --START--
INFO: Run Behavior\ReadHtmlCacheBehavior [ RunTime:0.000372s ]
INFO: [ app_begin ] --END-- [ RunTime:0.000416s ]
SQL: SHOW COLUMNS FROM `config` [ RunTime:0.0376s ]
SQL: SELECT `type`,`name`,`value` FROM `config` WHERE `status` = 1  [ RunTime:0.0004s ]

[ 2017-07-09T09:02:12+08:00 ] 127.0.0.1 /wechat.php?s=/Active/index/p/2
INFO: [ app_init ] --START--
INFO: Run Behavior\BuildLiteBehavior [ RunTime:0.000010s ]
INFO: Run Common\Behavior\InitHookBehavior [ RunTime:0.001204s ]
INFO: [ app_init ] --END-- [ RunTime:0.001501s ]
INFO: [ app_begin ] --START--
INFO: Run Behavior\ReadHtmlCacheBehavior [ RunTime:0.000355s ]
INFO: [ app_begin ] --END-- [ RunTime:0.000412s ]
SQL: SHOW COLUMNS FROM `config` [ RunTime:0.0038s ]
SQL: SELECT `type`,`name`,`value` FROM `config` WHERE `status` = 1  [ RunTime:0.0004s ]
SQL: SHOW COLUMNS FROM `document` [ RunTime:0.0042s ]
SQL: SELECT * FROM `document` WHERE ( status=1 AND category_id=40 ) LIMIT 0,2   [ RunTime:0.0005s ]
SQL: SELECT * FROM `document` WHERE ( status=1 AND category_id=40 ) LIMIT 2,2   [ RunTime:0.0004s ]
SQL: SHOW COLUMNS FROM `picture` [ RunTime:0.0033s ]
SQL: SELECT * FROM `picture` WHERE ( id=14 ) LIMIT 1   [ RunTime:0.0003s ]

