[ 2017-07-08T09:14:20+08:00 ] 127.0.0.1 /index.php?s=/Html/User/login.html
INFO: [ app_init ] --START--
INFO: Run Behavior\BuildLiteBehavior [ RunTime:0.000010s ]
INFO: Run Common\Behavior\InitHookBehavior [ RunTime:0.001184s ]
INFO: [ app_init ] --END-- [ RunTime:0.001512s ]
ERR: 无法加载模块:Html

[ 2017-07-08T09:15:09+08:00 ] 127.0.0.1 /index.php?s=/Html/User/login.html
INFO: [ app_init ] --START--
INFO: Run Behavior\BuildLiteBehavior [ RunTime:0.000015s ]
INFO: Run Common\Behavior\InitHookBehavior [ RunTime:0.002896s ]
INFO: [ app_init ] --END-- [ RunTime:0.003441s ]
ERR: 无法加载模块:Html

[ 2017-07-08T09:15:13+08:00 ] 127.0.0.1 /index.php?s=/Html/User/login.html
INFO: [ app_init ] --START--
INFO: Run Behavior\BuildLiteBehavior [ RunTime:0.000014s ]
INFO: Run Common\Behavior\InitHookBehavior [ RunTime:0.002534s ]
INFO: [ app_init ] --END-- [ RunTime:0.002926s ]
ERR: 无法加载模块:Html

[ 2017-07-08T09:57:06+08:00 ] 127.0.0.1 /index.php?s=/Index/zushoudetail/id/17.html
INFO: [ app_init ] --START--
INFO: Run Behavior\BuildLiteBehavior [ RunTime:0.000015s ]
INFO: Run Common\Behavior\InitHookBehavior [ RunTime:0.003260s ]
INFO: [ app_init ] --END-- [ RunTime:0.003732s ]
ERR: 无法加载模块:Index

[ 2017-07-08T10:04:45+08:00 ] 127.0.0.1 /Public/Wchat/bootstrap/css/bootstrap.min.css
INFO: [ app_init ] --START--
INFO: Run Behavior\BuildLiteBehavior [ RunTime:0.000019s ]
INFO: Run Common\Behavior\InitHookBehavior [ RunTime:0.003042s ]
INFO: [ app_init ] --END-- [ RunTime:0.003583s ]
ERR: 无法加载模块:Public

[ 2017-07-08T10:04:45+08:00 ] 127.0.0.1 /Public/Wchat/css/style.css
INFO: [ app_init ] --START--
INFO: Run Behavior\BuildLiteBehavior [ RunTime:0.000022s ]
INFO: Run Common\Behavior\InitHookBehavior [ RunTime:0.003687s ]
INFO: [ app_init ] --END-- [ RunTime:0.004425s ]
ERR: 无法加载模块:Public

Public

[ 2017-07-08T10:04:45+08:00 ] 127.0.0.1 /Public/Wchat/bootstrap/js/bootstrap.min.js
INFO: [ app_init ] --START--
INFO: Run Behavior\BuildLiteBehavior [ RunTime:0.000022s ]
INFO: Run Common\Behavior\InitHookBehavior [ RunTime:0.001906s ]
INFO: [ app_init ] --END-- [ RunTime:0.002442s ]
ERR: 无法加载模块:Public

[ 2017-07-08T10:04:45+08:00 ] 127.0.0.1 /Wchat/verify.html
INFO: [ app_init ] --START--
INFO: Run Behavior\BuildLiteBehavior [ RunTime:0.000019s ]
INFO: Run Common\Behavior\InitHookBehavior [ RunTime:0.001893s ]
INFO: [ app_init ] --END-- [ RunTime:0.002447s ]
ERR: 无法加载模块:Wchat

[ 2017-07-08T10:05:40+08:00 ] 127.0.0.1 /Public/Wachat/bootstrap/css/bootstrap.min.css
INFO: [ app_init ] --START--
INFO: Run Behavior\BuildLiteBehavior [ RunTime:0.000017s ]
INFO: Run Common\Behavior\InitHookBehavior [ RunTime:0.001754s ]
INFO: [ app_init ] --END-- [ RunTime:0.002228s ]
ERR: 无法加载模块:Public

[ 2017-07-08T10:05:40+08:00 ] 127.0.0.1 /Public/Wachat/css/style.css
INFO: [ app_init ] --START--
INFO: Run Behavior\BuildLiteBehavior [ RunTime:0.000014s ]
INFO: Run Common\Behavior\InitHookBehavior [ RunTime:0.001789s ]
INFO: [ app_init ] --END-- [ RunTime:0.002254s ]
ERR: 无法加载模块:Public

[ 2017-07-08T10:05:40+08:00 ] 127.0.0.1 /Public/Wchat/js/jquery-1.11.2.min.js
INFO: [ app_init ] --START--
INFO: Run Behavior\BuildLiteBehavior [ RunTime:0.000019s ]
INFO: Run Common\Behavior\InitHookBehavior [ RunTime:0.004232s ]
INFO: [ app_init ] --END-- [ RunTime:0.004826s ]
ERR: 无法加载模块:Public

[ 2017-07-08T10:05:40+08:00 ] 127.0.0.1 /Public/Wchat/bootstrap/js/bootstrap.min.js
INFO: [ app_init ] --START--
INFO: Run Behavior\BuildLiteBehavior [ RunTime:0.000020s ]
INFO: Run Common\Behavior\InitHookBehavior [ RunTime:0.001889s ]
INFO: [ app_init ] --END-- [ RunTime:0.002403s ]
ERR: 无法加载模块:Public

[ 2017-07-08T10:05:40+08:00 ] 127.0.0.1 /Wchat/verify.html
INFO: [ app_init ] --START--
INFO: Run Behavior\BuildLiteBehavior [ RunTime:0.000023s ]
INFO: Run Common\Behavior\InitHookBehavior [ RunTime:0.002169s ]
INFO: [ app_init ] --END-- [ RunTime:0.002890s ]
ERR: 无法加载模块:Wchat

[ 2017-07-08T10:06:03+08:00 ] 127.0.0.1 /Public/wechat/js/jquery-1.11.2.min.js
INFO: [ app_init ] --START--
INFO: Run Behavior\BuildLiteBehavior [ RunTime:0.000021s ]
INFO: Run Common\Behavior\InitHookBehavior [ RunTime:0.003096s ]
INFO: [ app_init ] --END-- [ RunTime:0.003905s ]
ERR: 无法加载模块:Public

[ 2017-07-08T10:07:39+08:00 ] 127.0.0.1 /Public/wechat/js/jquery-1.11.2.min.js
INFO: [ app_init ] --START--
INFO: Run Behavior\BuildLiteBehavior [ RunTime:0.000022s ]
INFO: Run Common\Behavior\InitHookBehavior [ RunTime:0.002263s ]
INFO: [ app_init ] --END-- [ RunTime:0.002806s ]
ERR: 无法加载模块:Public

[ 2017-07-08T10:08:41+08:00 ] 127.0.0.1 /Public/wechat/js/jquery-1.11.2.min.js
INFO: [ app_init ] --START--
INFO: Run Behavior\BuildLiteBehavior [ RunTime:0.000019s ]
INFO: Run Common\Behavior\InitHookBehavior [ RunTime:0.002011s ]
INFO: [ app_init ] --END-- [ RunTime:0.002536s ]
ERR: 无法加载模块:Public

[ 2017-07-08T10:09:17+08:00 ] 127.0.0.1 /Public/wechat/js/jquery-1.11.2.min.js
INFO: [ app_init ] --START--
INFO: Run Behavior\BuildLiteBehavior [ RunTime:0.000018s ]
INFO: Run Common\Behavior\InitHookBehavior [ RunTime:0.002161s ]
INFO: [ app_init ] --END-- [ RunTime:0.002670s ]
ERR: 无法加载模块:Public

[ 2017-07-08T10:09:17+08:00 ] 127.0.0.1 /Public/wechat/js/jquery-1.11.2.min.js
INFO: [ app_init ] --START--
INFO: Run Behavior\BuildLiteBehavior [ RunTime:0.000019s ]
INFO: Run Common\Behavior\InitHookBehavior [ RunTime:0.001887s ]
INFO: [ app_init ] --END-- [ RunTime:0.002402s ]
ERR: 无法加载模块:Public

[ 2017-07-08T10:09:18+08:00 ] 127.0.0.1 /Public/wechat/js/jquery-1.11.2.min.js
INFO: [ app_init ] --START--
INFO: Run Behavior\BuildLiteBehavior [ RunTime:0.000021s ]
INFO: Run Common\Behavior\InitHookBehavior [ RunTime:0.002085s ]
INFO: [ app_init ] --END-- [ RunTime:0.002709s ]
ERR: 无法加载模块:Public

[ 2017-07-08T10:09:39+08:00 ] 127.0.0.1 /Public/wechat/bootstrap/bootstrap.min.js
INFO: [ app_init ] --START--
INFO: Run Behavior\BuildLiteBehavior [ RunTime:0.000018s ]
INFO: Run Common\Behavior\InitHookBehavior [ RunTime:0.001845s ]
INFO: [ app_init ] --END-- [ RunTime:0.002347s ]
ERR: 无法加载模块:Public

[ 2017-07-08T10:09:53+08:00 ] 127.0.0.1 /Public/wechat/js/jquery-1.11.2.min.js
INFO: [ app_init ] --START--
INFO: Run Behavior\BuildLiteBehavior [ RunTime:0.000039s ]
INFO: Run Common\Behavior\InitHookBehavior [ RunTime:0.005059s ]
INFO: [ app_init ] --END-- [ RunTime:0.005861s ]
ERR: 无法加载模块:Public

[ 2017-07-08T10:14:12+08:00 ] 127.0.0.1 /Public/Wchat/bootstrap/css/bootstrap.min.css
INFO: [ app_init ] --START--
INFO: Run Behavior\BuildLiteBehavior [ RunTime:0.000021s ]
INFO: Run Common\Behavior\InitHookBehavior [ RunTime:0.002118s ]
INFO: [ app_init ] --END-- [ RunTime:0.002838s ]
ERR: 无法加载模块:Public

[ 2017-07-08T10:14:12+08:00 ] 127.0.0.1 /Public/Wchat/js/jquery-1.11.2.min.js
INFO: [ app_init ] --START--
INFO: Run Behavior\BuildLiteBehavior [ RunTime:0.000019s ]
INFO: Run Common\Behavior\InitHookBehavior [ RunTime:0.002864s ]
INFO: [ app_init ] --END-- [ RunTime:0.003579s ]
ERR: 无法加载模块:Public

[ 2017-07-08T10:14:12+08:00 ] 127.0.0.1 /Public/Wchat/css/style.css
INFO: [ app_init ] --START--
INFO: Run Behavior\BuildLiteBehavior [ RunTime:0.000026s ]
INFO: Run Common\Behavior\InitHookBehavior [ RunTime:0.003601s ]
INFO: [ app_init ] --END-- [ RunTime:0.006305s ]
ERR: 无法加载模块:Public

[ 2017-07-08T10:14:12+08:00 ] 127.0.0.1 /Public/Wchat/bootstrap/js/bootstrap.min.js
INFO: [ app_init ] --START--
INFO: Run Behavior\BuildLiteBehavior [ RunTime:0.000027s ]
INFO: Run Common\Behavior\InitHookBehavior [ RunTime:0.002539s ]
INFO: [ app_init ] --END-- [ RunTime:0.003198s ]
ERR: 无法加载模块:Public

[ 2017-07-08T10:14:12+08:00 ] 127.0.0.1 /Wchat/verify.html
INFO: [ app_init ] --START--
INFO: Run Behavior\BuildLiteBehavior [ RunTime:0.000026s ]
INFO: Run Common\Behavior\InitHookBehavior [ RunTime:0.003602s ]
INFO: [ app_init ] --END-- [ RunTime:0.004277s ]
ERR: 无法加载模块:Wchat

[ 2017-07-08T10:14:41+08:00 ] 127.0.0.1 /Public/wechat/js/jquery-1.11.2.min.js
INFO: [ app_init ] --START--
INFO: Run Behavior\BuildLiteBehavior [ RunTime:0.000018s ]
INFO: Run Common\Behavior\InitHookBehavior [ RunTime:0.002984s ]
INFO: [ app_init ] --END-- [ RunTime:0.003655s ]
ERR: 无法加载模块:Public

[ 2017-07-08T10:23:59+08:00 ] 127.0.0.1 /service.html
INFO: [ app_init ] --START--
INFO: Run Behavior\BuildLiteBehavior [ RunTime:0.000010s ]
INFO: Run Common\Behavior\InitHookBehavior [ RunTime:0.001627s ]
INFO: [ app_init ] --END-- [ RunTime:0.001956s ]
ERR: 无法加载模块:Service

[ 2017-07-08T10:38:31+08:00 ] 127.0.0.1 /Index/my.html
INFO: [ app_init ] --START--
INFO: Run Behavior\BuildLiteBehavior [ RunTime:0.000013s ]
INFO: Run Common\Behavior\InitHookBehavior [ RunTime:0.001252s ]
INFO: [ app_init ] --END-- [ RunTime:0.001602s ]
ERR: 无法加载模块:Index

[ 2017-07-08T10:38:44+08:00 ] 127.0.0.1 /wechat/Index/Public/wechat/image/5.png
INFO: [ app_init ] --START--
INFO: Run Behavior\BuildLiteBehavior [ RunTime:0.000011s ]
INFO: Run Common\Behavior\InitHookBehavior [ RunTime:0.001941s ]
INFO: [ app_init ] --END-- [ RunTime:0.002266s ]

[ 2017-07-08T10:38:56+08:00 ] 127.0.0.1 /wechat/Index/Public/wechat/image/5.png
INFO: [ app_init ] --START--
INFO: Run Behavior\BuildLiteBehavior [ RunTime:0.000011s ]
INFO: Run Common\Behavior\InitHookBehavior [ RunTime:0.001245s ]
INFO: [ app_init ] --END-- [ RunTime:0.001584s ]

[ 2017-07-08T10:39:13+08:00 ] 127.0.0.1 /notice.html
INFO: [ app_init ] --START--
INFO: Run Behavior\BuildLiteBehavior [ RunTime:0.000010s ]
INFO: Run Common\Behavior\InitHookBehavior [ RunTime:0.001632s ]
INFO: [ app_init ] --END-- [ RunTime:0.001962s ]
ERR: 无法加载模块:Notice

[ 2017-07-08T10:39:19+08:00 ] 127.0.0.1 /notice.html
INFO: [ app_init ] --START--
INFO: Run Behavior\BuildLiteBehavior [ RunTime:0.000011s ]
INFO: Run Common\Behavior\InitHookBehavior [ RunTime:0.001648s ]
INFO: [ app_init ] --END-- [ RunTime:0.001942s ]
ERR: 无法加载模块:Notice

[ 2017-07-08T10:40:33+08:00 ] 127.0.0.1 /Index/index.html
INFO: [ app_init ] --START--
INFO: Run Behavior\BuildLiteBehavior [ RunTime:0.000011s ]
INFO: Run Common\Behavior\InitHookBehavior [ RunTime:0.001273s ]
INFO: [ app_init ] --END-- [ RunTime:0.001620s ]
ERR: 无法加载模块:Index

[ 2017-07-08T11:03:34+08:00 ] 127.0.0.1 /service.html
INFO: [ app_init ] --START--
INFO: Run Behavior\BuildLiteBehavior [ RunTime:0.000012s ]
INFO: Run Common\Behavior\InitHookBehavior [ RunTime:0.001179s ]
INFO: [ app_init ] --END-- [ RunTime:0.001982s ]
ERR: 无法加载模块:Service

[ 2017-07-08T11:07:25+08:00 ] 127.0.0.1 /fuwu.html
INFO: [ app_init ] --START--
INFO: Run Behavior\BuildLiteBehavior [ RunTime:0.000011s ]
INFO: Run Common\Behavior\InitHookBehavior [ RunTime:0.002024s ]
INFO: [ app_init ] --END-- [ RunTime:0.002405s ]
ERR: 无法加载模块:Fuwu

[ 2017-07-08T11:07:59+08:00 ] 127.0.0.1 /fuwu.html
INFO: [ app_init ] --START--
INFO: Run Behavior\BuildLiteBehavior [ RunTime:0.000015s ]
INFO: Run Common\Behavior\InitHookBehavior [ RunTime:0.002421s ]
INFO: [ app_init ] --END-- [ RunTime:0.002795s ]
ERR: 无法加载模块:Fuwu

[ 2017-07-08T11:09:16+08:00 ] 127.0.0.1 /service.html
INFO: [ app_init ] --START--
INFO: Run Behavior\BuildLiteBehavior [ RunTime:0.000010s ]
INFO: Run Common\Behavior\InitHookBehavior [ RunTime:0.001112s ]
INFO: [ app_init ] --END-- [ RunTime:0.001428s ]
ERR: 无法加载模块:Service

[ 2017-07-08T11:09:33+08:00 ] 127.0.0.1 /service.html
INFO: [ app_init ] --START--
INFO: Run Behavior\BuildLiteBehavior [ RunTime:0.000011s ]
INFO: Run Common\Behavior\InitHookBehavior [ RunTime:0.001190s ]
INFO: [ app_init ] --END-- [ RunTime:0.001508s ]
ERR: 无法加载模块:Service

[ 2017-07-08T11:20:32+08:00 ] 127.0.0.1 /index.html
INFO: [ app_init ] --START--
INFO: Run Behavior\BuildLiteBehavior [ RunTime:0.000011s ]
INFO: Run Common\Behavior\InitHookBehavior [ RunTime:0.001119s ]
INFO: [ app_init ] --END-- [ RunTime:0.001436s ]
ERR: 无法加载模块:Index

[ 2017-07-08T11:20:39+08:00 ] 127.0.0.1 /online.html
INFO: [ app_init ] --START--
INFO: Run Behavior\BuildLiteBehavior [ RunTime:0.000010s ]
INFO: Run Common\Behavior\InitHookBehavior [ RunTime:0.001106s ]
INFO: [ app_init ] --END-- [ RunTime:0.001393s ]
ERR: 无法加载模块:Online

[ 2017-07-08T11:23:59+08:00 ] 127.0.0.1 /bootstrap/css/bootstrap.min.css
INFO: [ app_init ] --START--
INFO: Run Behavior\BuildLiteBehavior [ RunTime:0.000016s ]
INFO: Run Common\Behavior\InitHookBehavior [ RunTime:0.001847s ]
INFO: [ app_init ] --END-- [ RunTime:0.002315s ]
ERR: 无法加载模块:Bootstrap

[ 2017-07-08T11:23:59+08:00 ] 127.0.0.1 /css/style.css
INFO: [ app_init ] --START--
INFO: Run Behavior\BuildLiteBehavior [ RunTime:0.000016s ]
INFO: Run Common\Behavior\InitHookBehavior [ RunTime:0.001787s ]
INFO: [ app_init ] --END-- [ RunTime:0.002253s ]
ERR: 无法加载模块:Css

[ 2017-07-08T11:23:59+08:00 ] 127.0.0.1 /jquery-1.11.2.min.js
INFO: [ app_init ] --START--
INFO: Run Behavior\BuildLiteBehavior [ RunTime:0.000023s ]
INFO: Run Common\Behavior\InitHookBehavior [ RunTime:0.004031s ]
INFO: [ app_init ] --END-- [ RunTime:0.004764s ]
ERR: 无法加载模块:Jquery-1.11.2.min

[ 2017-07-08T11:23:59+08:00 ] 127.0.0.1 /image/1.png
INFO: [ app_init ] --START--
INFO: Run Behavior\BuildLiteBehavior [ RunTime:0.000015s ]
INFO: Run Common\Behavior\InitHookBehavior [ RunTime:0.001755s ]
INFO: [ app_init ] --END-- [ RunTime:0.002243s ]

[ 2017-07-08T11:23:59+08:00 ] 127.0.0.1 /bootstrap/js/bootstrap.min.js
INFO: [ app_init ] --START--
INFO: Run Behavior\BuildLiteBehavior [ RunTime:0.000021s ]
INFO: Run Common\Behavior\InitHookBehavior [ RunTime:0.001837s ]
INFO: [ app_init ] --END-- [ RunTime:0.002376s ]
ERR: 无法加载模块:Bootstrap

[ 2017-07-08T11:24:39+08:00 ] 127.0.0.1 /notice-detail.html
INFO: [ app_init ] --START--
INFO: Run Behavior\BuildLiteBehavior [ RunTime:0.000016s ]
INFO: Run Common\Behavior\InitHookBehavior [ RunTime:0.002907s ]
INFO: [ app_init ] --END-- [ RunTime:0.003420s ]
ERR: 无法加载模块:Notice-detail

[ 2017-07-08T11:26:31+08:00 ] 127.0.0.1 /Public/Wchat/css/style.css
INFO: [ app_init ] --START--
INFO: Run Behavior\BuildLiteBehavior [ RunTime:0.000018s ]
INFO: Run Common\Behavior\InitHookBehavior [ RunTime:0.002554s ]
INFO: [ app_init ] --END-- [ RunTime:0.003092s ]
ERR: 无法加载模块:Public

[ 2017-07-08T11:26:31+08:00 ] 127.0.0.1 /Public/Wchat/js/jquery-1.11.2.min.js
INFO: [ app_init ] --START--
INFO: Run Behavior\BuildLiteBehavior [ RunTime:0.000019s ]
INFO: Run Common\Behavior\InitHookBehavior [ RunTime:0.002512s ]
INFO: [ app_init ] --END-- [ RunTime:0.003036s ]
ERR: 无法加载模块:Public

[ 2017-07-08T11:26:31+08:00 ] 127.0.0.1 /Public/Wchat/css/page.css
INFO: [ app_init ] --START--
INFO: Run Behavior\BuildLiteBehavior [ RunTime:0.000017s ]
INFO: Run Common\Behavior\InitHookBehavior [ RunTime:0.003313s ]
INFO: [ app_init ] --END-- [ RunTime:0.003870s ]
ERR: 无法加载模块:Public

[ 2017-07-08T11:26:31+08:00 ] 127.0.0.1 /Public/Wchat/bootstrap/css/bootstrap.min.css
INFO: [ app_init ] --START--
INFO: Run Behavior\BuildLiteBehavior [ RunTime:0.000023s ]
INFO: Run Common\Behavior\InitHookBehavior [ RunTime:0.002586s ]
INFO: [ app_init ] --END-- [ RunTime:0.003461s ]
ERR: 无法加载模块:Public

[ 2017-07-08T11:26:31+08:00 ] 127.0.0.1 /Public/Wchat/js/my.js
INFO: [ app_init ] --START--
INFO: Run Behavior\BuildLiteBehavior [ RunTime:0.000018s ]
INFO: Run Common\Behavior\InitHookBehavior [ RunTime:0.001827s ]
INFO: [ app_init ] --END-- [ RunTime:0.002348s ]
ERR: 无法加载模块:Public

[ 2017-07-08T11:26:31+08:00 ] 127.0.0.1 /Uploads/Picture/2017-03-08/58bf755a497e2.jpg
INFO: [ app_init ] --START--
INFO: Run Behavior\BuildLiteBehavior [ RunTime:0.000021s ]
INFO: Run Common\Behavior\InitHookBehavior [ RunTime:0.002097s ]
INFO: [ app_init ] --END-- [ RunTime:0.002729s ]

[ 2017-07-08T11:26:31+08:00 ] 127.0.0.1 /Uploads/Picture/2017-03-08/58bf78c6d816e.jpg
INFO: [ app_init ] --START--
INFO: Run Behavior\BuildLiteBehavior [ RunTime:0.000021s ]
INFO: Run Common\Behavior\InitHookBehavior [ RunTime:0.002214s ]
INFO: [ app_init ] --END-- [ RunTime:0.002793s ]

[ 2017-07-08T11:26:31+08:00 ] 127.0.0.1 /Public/Wchat/bootstrap/js/bootstrap.min.js
INFO: [ app_init ] --START--
INFO: Run Behavior\BuildLiteBehavior [ RunTime:0.000024s ]
INFO: Run Common\Behavior\InitHookBehavior [ RunTime:0.008059s ]
INFO: [ app_init ] --END-- [ RunTime:0.008981s ]
ERR: 无法加载模块:Public

[ 2017-07-08T11:26:31+08:00 ] 127.0.0.1 /Public/Wchat/js/my.js
INFO: [ app_init ] --START--
INFO: Run Behavior\BuildLiteBehavior [ RunTime:0.000017s ]
INFO: Run Common\Behavior\InitHookBehavior [ RunTime:0.005817s ]
INFO: [ app_init ] --END-- [ RunTime:0.006365s ]
ERR: 无法加载模块:Public

[ 2017-07-08T11:26:53+08:00 ] 127.0.0.1 /Public/wechat/css/page.css
INFO: [ app_init ] --START--
INFO: Run Behavior\BuildLiteBehavior [ RunTime:0.000021s ]
INFO: Run Common\Behavior\InitHookBehavior [ RunTime:0.002050s ]
INFO: [ app_init ] --END-- [ RunTime:0.002615s ]
ERR: 无法加载模块:Public

[ 2017-07-08T11:26:53+08:00 ] 127.0.0.1 /Public/wechat/js/jquery-1.11.2.min.js
INFO: [ app_init ] --START--
INFO: Run Behavior\BuildLiteBehavior [ RunTime:0.000017s ]
INFO: Run Common\Behavior\InitHookBehavior [ RunTime:0.002841s ]
INFO: [ app_init ] --END-- [ RunTime:0.003372s ]
ERR: 无法加载模块:Public

[ 2017-07-08T11:26:53+08:00 ] 127.0.0.1 /Uploads/Picture/2017-03-08/58bf78c6d816e.jpg
INFO: [ app_init ] --START--
INFO: Run Behavior\BuildLiteBehavior [ RunTime:0.000018s ]
INFO: Run Common\Behavior\InitHookBehavior [ RunTime:0.001924s ]
INFO: [ app_init ] --END-- [ RunTime:0.002436s ]

[ 2017-07-08T11:26:53+08:00 ] 127.0.0.1 /Uploads/Picture/2017-03-08/58bf755a497e2.jpg
INFO: [ app_init ] --START--
INFO: Run Behavior\BuildLiteBehavior [ RunTime:0.000141s ]
INFO: Run Common\Behavior\InitHookBehavior [ RunTime:0.002716s ]
INFO: [ app_init ] --END-- [ RunTime:0.003455s ]

[ 2017-07-08T11:26:53+08:00 ] 127.0.0.1 /Public/wechat/js/my.js
INFO: [ app_init ] --START--
INFO: Run Behavior\BuildLiteBehavior [ RunTime:0.000022s ]
INFO: Run Common\Behavior\InitHookBehavior [ RunTime:0.002921s ]
INFO: [ app_init ] --END-- [ RunTime:0.003924s ]
ERR: 无法加载模块:Public

[ 2017-07-08T11:26:56+08:00 ] 127.0.0.1 /Service/detail/id/13.html
INFO: [ app_init ] --START--
INFO: Run Behavior\BuildLiteBehavior [ RunTime:0.000010s ]
INFO: Run Common\Behavior\InitHookBehavior [ RunTime:0.001141s ]
INFO: [ app_init ] --END-- [ RunTime:0.001455s ]
ERR: 无法加载模块:Service

[ 2017-07-08T11:28:38+08:00 ] 127.0.0.1 /Public/wechat/js/jquery-1.11.2.min.js
INFO: [ app_init ] --START--
INFO: Run Behavior\BuildLiteBehavior [ RunTime:0.000011s ]
INFO: Run Common\Behavior\InitHookBehavior [ RunTime:0.001199s ]
INFO: [ app_init ] --END-- [ RunTime:0.001529s ]
ERR: 无法加载模块:Public

[ 2017-07-08T11:28:38+08:00 ] 127.0.0.1 /Public/wechat/css/page.css
INFO: [ app_init ] --START--
INFO: Run Behavior\BuildLiteBehavior [ RunTime:0.000014s ]
INFO: Run Common\Behavior\InitHookBehavior [ RunTime:0.001259s ]
INFO: [ app_init ] --END-- [ RunTime:0.001590s ]
ERR: 无法加载模块:Public

[ 2017-07-08T11:28:38+08:00 ] 127.0.0.1 /Public/wechat/js/my.js
INFO: [ app_init ] --START--
INFO: Run Behavior\BuildLiteBehavior [ RunTime:0.000018s ]
INFO: Run Common\Behavior\InitHookBehavior [ RunTime:0.002758s ]
INFO: [ app_init ] --END-- [ RunTime:0.004034s ]
ERR: 无法加载模块:Public

[ 2017-07-08T11:28:38+08:00 ] 127.0.0.1 /Uploads/Picture/2017-03-08/58bf78c6d816e.jpg
INFO: [ app_init ] --START--
INFO: Run Behavior\BuildLiteBehavior [ RunTime:0.000017s ]
INFO: Run Common\Behavior\InitHookBehavior [ RunTime:0.001838s ]
INFO: [ app_init ] --END-- [ RunTime:0.002368s ]

[ 2017-07-08T11:28:39+08:00 ] 127.0.0.1 /Uploads/Picture/2017-03-08/58bf755a497e2.jpg
INFO: [ app_init ] --START--
INFO: Run Behavior\BuildLiteBehavior [ RunTime:0.000021s ]
INFO: Run Common\Behavior\InitHookBehavior [ RunTime:0.004198s ]
INFO: [ app_init ] --END-- [ RunTime:0.004872s ]

[ 2017-07-08T11:33:26+08:00 ] 127.0.0.1 /Public/wechat/css/page.css
INFO: [ app_init ] --START--
INFO: Run Behavior\BuildLiteBehavior [ RunTime:0.000019s ]
INFO: Run Common\Behavior\InitHookBehavior [ RunTime:0.002756s ]
INFO: [ app_init ] --END-- [ RunTime:0.003312s ]
ERR: 无法加载模块:Public

[ 2017-07-08T11:33:26+08:00 ] 127.0.0.1 /Public/wechat/js/jquery-1.11.2.min.js
INFO: [ app_init ] --START--
INFO: Run Behavior\BuildLiteBehavior [ RunTime:0.000020s ]
INFO: Run Common\Behavior\InitHookBehavior [ RunTime:0.003012s ]
INFO: [ app_init ] --END-- [ RunTime:0.020101s ]
ERR: 无法加载模块:Public

[ 2017-07-08T11:33:26+08:00 ] 127.0.0.1 /Public/wechat/js/my.js
INFO: [ app_init ] --START--
INFO: Run Behavior\BuildLiteBehavior [ RunTime:0.000017s ]
INFO: Run Common\Behavior\InitHookBehavior [ RunTime:0.001824s ]
INFO: [ app_init ] --END-- [ RunTime:0.002353s ]
ERR: 无法加载模块:Public

[ 2017-07-08T11:33:26+08:00 ] 127.0.0.1 /Uploads/Picture/2017-03-08/58bf78c6d816e.jpg
INFO: [ app_init ] --START--
INFO: Run Behavior\BuildLiteBehavior [ RunTime:0.000019s ]
INFO: Run Common\Behavior\InitHookBehavior [ RunTime:0.002964s ]
INFO: [ app_init ] --END-- [ RunTime:0.003638s ]

[ 2017-07-08T11:33:26+08:00 ] 127.0.0.1 /Uploads/Picture/2017-03-08/58bf755a497e2.jpg
INFO: [ app_init ] --START--
INFO: Run Behavior\BuildLiteBehavior [ RunTime:0.000026s ]
INFO: Run Common\Behavior\InitHookBehavior [ RunTime:0.003955s ]
INFO: [ app_init ] --END-- [ RunTime:0.004722s ]

[ 2017-07-08T11:33:26+08:00 ] 127.0.0.1 /Public/wechat/js/my.js
INFO: [ app_init ] --START--
INFO: Run Behavior\BuildLiteBehavior [ RunTime:0.000013s ]
INFO: Run Common\Behavior\InitHookBehavior [ RunTime:0.001924s ]
INFO: [ app_init ] --END-- [ RunTime:0.002313s ]
ERR: 无法加载模块:Public

[ 2017-07-08T11:33:33+08:00 ] 127.0.0.1 /Service/detail/id/13.html
INFO: [ app_init ] --START--
INFO: Run Behavior\BuildLiteBehavior [ RunTime:0.000011s ]
INFO: Run Common\Behavior\InitHookBehavior [ RunTime:0.001996s ]
INFO: [ app_init ] --END-- [ RunTime:0.002350s ]
ERR: 无法加载模块:Service

[ 2017-07-08T11:33:34+08:00 ] 127.0.0.1 /Uploads/Picture/2017-03-08/58bf78c6d816e.jpg
INFO: [ app_init ] --START--
INFO: Run Behavior\BuildLiteBehavior [ RunTime:0.000011s ]
INFO: Run Common\Behavior\InitHookBehavior [ RunTime:0.001215s ]
INFO: [ app_init ] --END-- [ RunTime:0.001558s ]

[ 2017-07-08T11:33:34+08:00 ] 127.0.0.1 /Public/wechat/css/page.css
INFO: [ app_init ] --START--
INFO: Run Behavior\BuildLiteBehavior [ RunTime:0.000011s ]
INFO: Run Common\Behavior\InitHookBehavior [ RunTime:0.002403s ]
INFO: [ app_init ] --END-- [ RunTime:0.002844s ]
ERR: 无法加载模块:Public

[ 2017-07-08T11:33:34+08:00 ] 127.0.0.1 /Public/wechat/js/jquery-1.11.2.min.js
INFO: [ app_init ] --START--
INFO: Run Behavior\BuildLiteBehavior [ RunTime:0.000014s ]
INFO: Run Common\Behavior\InitHookBehavior [ RunTime:0.001876s ]
INFO: [ app_init ] --END-- [ RunTime:0.002411s ]
ERR: 无法加载模块:Public

[ 2017-07-08T11:33:34+08:00 ] 127.0.0.1 /Uploads/Picture/2017-03-08/58bf755a497e2.jpg
INFO: [ app_init ] --START--
INFO: Run Behavior\BuildLiteBehavior [ RunTime:0.000018s ]
INFO: Run Common\Behavior\InitHookBehavior [ RunTime:0.002135s ]
INFO: [ app_init ] --END-- [ RunTime:0.002681s ]

[ 2017-07-08T11:33:34+08:00 ] 127.0.0.1 /Public/wechat/js/my.js
INFO: [ app_init ] --START--
INFO: Run Behavior\BuildLiteBehavior [ RunTime:0.000033s ]
INFO: Run Common\Behavior\InitHookBehavior [ RunTime:0.002958s ]
INFO: [ app_init ] --END-- [ RunTime:0.003546s ]
ERR: 无法加载模块:Public

[ 2017-07-08T11:34:39+08:00 ] 127.0.0.1 /Public/wechat/css/page.css
INFO: [ app_init ] --START--
INFO: Run Behavior\BuildLiteBehavior [ RunTime:0.000020s ]
INFO: Run Common\Behavior\InitHookBehavior [ RunTime:0.001951s ]
INFO: [ app_init ] --END-- [ RunTime:0.002484s ]
ERR: 无法加载模块:Public

[ 2017-07-08T11:34:39+08:00 ] 127.0.0.1 /Public/wechat/js/jquery-1.11.2.min.js
INFO: [ app_init ] --START--
INFO: Run Behavior\BuildLiteBehavior [ RunTime:0.000017s ]
INFO: Run Common\Behavior\InitHookBehavior [ RunTime:0.001843s ]
INFO: [ app_init ] --END-- [ RunTime:0.002323s ]
ERR: 无法加载模块:Public

[ 2017-07-08T11:34:39+08:00 ] 127.0.0.1 /Uploads/Picture/2017-03-08/58bf755a497e2.jpg
INFO: [ app_init ] --START--
INFO: Run Behavior\BuildLiteBehavior [ RunTime:0.000016s ]
INFO: Run Common\Behavior\InitHookBehavior [ RunTime:0.001735s ]
INFO: [ app_init ] --END-- [ RunTime:0.002203s ]

[ 2017-07-08T11:34:39+08:00 ] 127.0.0.1 /Public/wechat/js/my.js
INFO: [ app_init ] --START--
INFO: Run Behavior\BuildLiteBehavior [ RunTime:0.000016s ]
INFO: Run Common\Behavior\InitHookBehavior [ RunTime:0.001739s ]
INFO: [ app_init ] --END-- [ RunTime:0.002205s ]
ERR: 无法加载模块:Public

[ 2017-07-08T11:34:39+08:00 ] 127.0.0.1 /Public/wechat/js/my.js
INFO: [ app_init ] --START--
INFO: Run Behavior\BuildLiteBehavior [ RunTime:0.000021s ]
INFO: Run Common\Behavior\InitHookBehavior [ RunTime:0.004313s ]
INFO: [ app_init ] --END-- [ RunTime:0.004902s ]
ERR: 无法加载模块:Public

[ 2017-07-08T11:34:39+08:00 ] 127.0.0.1 /Uploads/Picture/2017-03-08/58bf78c6d816e.jpg
INFO: [ app_init ] --START--
INFO: Run Behavior\BuildLiteBehavior [ RunTime:0.000018s ]
INFO: Run Common\Behavior\InitHookBehavior [ RunTime:0.003843s ]
INFO: [ app_init ] --END-- [ RunTime:0.004409s ]

[ 2017-07-08T11:34:40+08:00 ] 127.0.0.1 /Uploads/Picture/2017-03-08/58bf78c6d816e.jpg
INFO: [ app_init ] --START--
INFO: Run Behavior\BuildLiteBehavior [ RunTime:0.000016s ]
INFO: Run Common\Behavior\InitHookBehavior [ RunTime:0.001793s ]
INFO: [ app_init ] --END-- [ RunTime:0.002275s ]

[ 2017-07-08T11:34:40+08:00 ] 127.0.0.1 /Public/wechat/css/page.css
INFO: [ app_init ] --START--
INFO: Run Behavior\BuildLiteBehavior [ RunTime:0.000017s ]
INFO: Run Common\Behavior\InitHookBehavior [ RunTime:0.003345s ]
INFO: [ app_init ] --END-- [ RunTime:0.003849s ]
ERR: 无法加载模块:Public

[ 2017-07-08T11:34:40+08:00 ] 127.0.0.1 /Public/wechat/js/jquery-1.11.2.min.js
INFO: [ app_init ] --START--
INFO: Run Behavior\BuildLiteBehavior [ RunTime:0.000019s ]
INFO: Run Common\Behavior\InitHookBehavior [ RunTime:0.001748s ]
INFO: [ app_init ] --END-- [ RunTime:0.002256s ]
ERR: 无法加载模块:Public

[ 2017-07-08T11:34:40+08:00 ] 127.0.0.1 /Uploads/Picture/2017-03-08/58bf755a497e2.jpg
INFO: [ app_init ] --START--
INFO: Run Behavior\BuildLiteBehavior [ RunTime:0.000019s ]
INFO: Run Common\Behavior\InitHookBehavior [ RunTime:0.002142s ]
INFO: [ app_init ] --END-- [ RunTime:0.002766s ]

[ 2017-07-08T11:34:40+08:00 ] 127.0.0.1 /Public/wechat/js/my.js
INFO: [ app_init ] --START--
INFO: Run Behavior\BuildLiteBehavior [ RunTime:0.000021s ]
INFO: Run Common\Behavior\InitHookBehavior [ RunTime:0.003121s ]
INFO: [ app_init ] --END-- [ RunTime:0.003644s ]
ERR: 无法加载模块:Public

[ 2017-07-08T11:34:40+08:00 ] 127.0.0.1 /Uploads/Picture/2017-03-08/58bf78c6d816e.jpg
INFO: [ app_init ] --START--
INFO: Run Behavior\BuildLiteBehavior [ RunTime:0.000016s ]
INFO: Run Common\Behavior\InitHookBehavior [ RunTime:0.001830s ]
INFO: [ app_init ] --END-- [ RunTime:0.002312s ]

[ 2017-07-08T11:34:40+08:00 ] 127.0.0.1 /Public/wechat/css/page.css
INFO: [ app_init ] --START--
INFO: Run Behavior\BuildLiteBehavior [ RunTime:0.000020s ]
INFO: Run Common\Behavior\InitHookBehavior [ RunTime:0.003196s ]
INFO: [ app_init ] --END-- [ RunTime:0.003688s ]
ERR: 无法加载模块:Public

[ 2017-07-08T11:34:40+08:00 ] 127.0.0.1 /Public/wechat/js/jquery-1.11.2.min.js
INFO: [ app_init ] --START--
INFO: Run Behavior\BuildLiteBehavior [ RunTime:0.000021s ]
INFO: Run Common\Behavior\InitHookBehavior [ RunTime:0.002146s ]
INFO: [ app_init ] --END-- [ RunTime:0.002737s ]
ERR: 无法加载模块:Public

[ 2017-07-08T11:34:40+08:00 ] 127.0.0.1 /Uploads/Picture/2017-03-08/58bf755a497e2.jpg
INFO: [ app_init ] --START--
INFO: Run Behavior\BuildLiteBehavior [ RunTime:0.000026s ]
INFO: Run Common\Behavior\InitHookBehavior [ RunTime:0.001852s ]
INFO: [ app_init ] --END-- [ RunTime:0.002378s ]

[ 2017-07-08T11:34:40+08:00 ] 127.0.0.1 /Public/wechat/js/my.js
INFO: [ app_init ] --START--
INFO: Run Behavior\BuildLiteBehavior [ RunTime:0.000266s ]
INFO: Run Common\Behavior\InitHookBehavior [ RunTime:0.002074s ]
INFO: [ app_init ] --END-- [ RunTime:0.004048s ]
ERR: 无法加载模块:Public

[ 2017-07-08T11:35:10+08:00 ] 127.0.0.1 /Public/wechat/css/page.css
INFO: [ app_init ] --START--
INFO: Run Behavior\BuildLiteBehavior [ RunTime:0.000021s ]
INFO: Run Common\Behavior\InitHookBehavior [ RunTime:0.003837s ]
INFO: [ app_init ] --END-- [ RunTime:0.005229s ]
ERR: 无法加载模块:Public

[ 2017-07-08T11:35:10+08:00 ] 127.0.0.1 /Public/wechat/js/jquery-1.11.2.min.js
INFO: [ app_init ] --START--
INFO: Run Behavior\BuildLiteBehavior [ RunTime:0.000019s ]
INFO: Run Common\Behavior\InitHookBehavior [ RunTime:0.003057s ]
INFO: [ app_init ] --END-- [ RunTime:0.003667s ]
ERR: 无法加载模块:Public

[ 2017-07-08T11:35:10+08:00 ] 127.0.0.1 /Public/wechat/js/my.js
INFO: [ app_init ] --START--
INFO: Run Behavior\BuildLiteBehavior [ RunTime:0.000017s ]
INFO: Run Common\Behavior\InitHookBehavior [ RunTime:0.003318s ]
INFO: [ app_init ] --END-- [ RunTime:0.003829s ]
ERR: 无法加载模块:Public

[ 2017-07-08T11:35:10+08:00 ] 127.0.0.1 /Uploads/Picture/2017-03-08/58bf78c6d816e.jpg
INFO: [ app_init ] --START--
INFO: Run Behavior\BuildLiteBehavior [ RunTime:0.000018s ]
INFO: Run Common\Behavior\InitHookBehavior [ RunTime:0.003181s ]
INFO: [ app_init ] --END-- [ RunTime:0.003718s ]

[ 2017-07-08T11:35:52+08:00 ] 127.0.0.1 /Public/wechat/css/page.css
INFO: [ app_init ] --START--
INFO: Run Behavior\BuildLiteBehavior [ RunTime:0.000014s ]
INFO: Run Common\Behavior\InitHookBehavior [ RunTime:0.003024s ]
INFO: [ app_init ] --END-- [ RunTime:0.003586s ]
ERR: 无法加载模块:Public

[ 2017-07-08T11:35:52+08:00 ] 127.0.0.1 /Public/wechat/js/jquery-1.11.2.min.js
INFO: [ app_init ] --START--
INFO: Run Behavior\BuildLiteBehavior [ RunTime:0.000019s ]
INFO: Run Common\Behavior\InitHookBehavior [ RunTime:0.003392s ]
INFO: [ app_init ] --END-- [ RunTime:0.003979s ]
ERR: 无法加载模块:Public

[ 2017-07-08T11:35:52+08:00 ] 127.0.0.1 /Public/wechat/js/my.js
INFO: [ app_init ] --START--
INFO: Run Behavior\BuildLiteBehavior [ RunTime:0.000022s ]
INFO: Run Common\Behavior\InitHookBehavior [ RunTime:0.002835s ]
INFO: [ app_init ] --END-- [ RunTime:0.003435s ]
ERR: 无法加载模块:Public

[ 2017-07-08T11:35:54+08:00 ] 127.0.0.1 /Service/detail/id/13.html
INFO: [ app_init ] --START--
INFO: Run Behavior\BuildLiteBehavior [ RunTime:0.000011s ]
INFO: Run Common\Behavior\InitHookBehavior [ RunTime:0.001710s ]
INFO: [ app_init ] --END-- [ RunTime:0.002023s ]
ERR: 无法加载模块:Service

[ 2017-07-08T11:35:55+08:00 ] 127.0.0.1 /Service/detail/id/13.html
INFO: [ app_init ] --START--
INFO: Run Behavior\BuildLiteBehavior [ RunTime:0.000016s ]
INFO: Run Common\Behavior\InitHookBehavior [ RunTime:0.001655s ]
INFO: [ app_init ] --END-- [ RunTime:0.001983s ]
ERR: 无法加载模块:Service

[ 2017-07-08T11:35:57+08:00 ] 127.0.0.1 /Service/detail/id/13.html
INFO: [ app_init ] --START--
INFO: Run Behavior\BuildLiteBehavior [ RunTime:0.000013s ]
INFO: Run Common\Behavior\InitHookBehavior [ RunTime:0.002634s ]
INFO: [ app_init ] --END-- [ RunTime:0.003041s ]
ERR: 无法加载模块:Service

[ 2017-07-08T11:36:02+08:00 ] 127.0.0.1 /Service/detail/id/13.html
INFO: [ app_init ] --START--
INFO: Run Behavior\BuildLiteBehavior [ RunTime:0.000009s ]
INFO: Run Common\Behavior\InitHookBehavior [ RunTime:0.001735s ]
INFO: [ app_init ] --END-- [ RunTime:0.002031s ]
ERR: 无法加载模块:Service

[ 2017-07-08T11:36:39+08:00 ] 127.0.0.1 /Public/wechat/css/page.css
INFO: [ app_init ] --START--
INFO: Run Behavior\BuildLiteBehavior [ RunTime:0.000017s ]
INFO: Run Common\Behavior\InitHookBehavior [ RunTime:0.002644s ]
INFO: [ app_init ] --END-- [ RunTime:0.003102s ]
ERR: 无法加载模块:Public

[ 2017-07-08T11:36:39+08:00 ] 127.0.0.1 /Public/wechat/js/jquery-1.11.2.min.js
INFO: [ app_init ] --START--
INFO: Run Behavior\BuildLiteBehavior [ RunTime:0.000016s ]
INFO: Run Common\Behavior\InitHookBehavior [ RunTime:0.005837s ]
INFO: [ app_init ] --END-- [ RunTime:0.006319s ]
ERR: 无法加载模块:Public

[ 2017-07-08T11:36:39+08:00 ] 127.0.0.1 /Public/wechat/js/my.js
INFO: [ app_init ] --START--
INFO: Run Behavior\BuildLiteBehavior [ RunTime:0.000010s ]
INFO: Run Common\Behavior\InitHookBehavior [ RunTime:0.001770s ]
INFO: [ app_init ] --END-- [ RunTime:0.002085s ]
ERR: 无法加载模块:Public

[ 2017-07-08T11:37:47+08:00 ] 127.0.0.1 /Service/detail/id/13.html
INFO: [ app_init ] --START--
INFO: Run Behavior\BuildLiteBehavior [ RunTime:0.000010s ]
INFO: Run Common\Behavior\InitHookBehavior [ RunTime:0.001751s ]
INFO: [ app_init ] --END-- [ RunTime:0.002126s ]
ERR: 无法加载模块:Service

[ 2017-07-08T11:37:50+08:00 ] 127.0.0.1 /Public/wechat/js/jquery-1.11.2.min.js
INFO: [ app_init ] --START--
INFO: Run Behavior\BuildLiteBehavior [ RunTime:0.000026s ]
INFO: Run Common\Behavior\InitHookBehavior [ RunTime:0.003133s ]
INFO: [ app_init ] --END-- [ RunTime:0.003818s ]
ERR: 无法加载模块:Public

[ 2017-07-08T11:37:50+08:00 ] 127.0.0.1 /Public/wechat/css/page.css
INFO: [ app_init ] --START--
INFO: Run Behavior\BuildLiteBehavior [ RunTime:0.000019s ]
INFO: Run Common\Behavior\InitHookBehavior [ RunTime:0.003116s ]
INFO: [ app_init ] --END-- [ RunTime:0.003737s ]
ERR: 无法加载模块:Public

[ 2017-07-08T11:37:50+08:00 ] 127.0.0.1 /Public/wechat/js/my.js
INFO: [ app_init ] --START--
INFO: Run Behavior\BuildLiteBehavior [ RunTime:0.000020s ]
INFO: Run Common\Behavior\InitHookBehavior [ RunTime:0.003590s ]
INFO: [ app_init ] --END-- [ RunTime:0.004162s ]
ERR: 无法加载模块:Public

[ 2017-07-08T11:37:50+08:00 ] 127.0.0.1 /Public/wechat/js/jquery-1.11.2.min.js
INFO: [ app_init ] --START--
INFO: Run Behavior\BuildLiteBehavior [ RunTime:0.000011s ]
INFO: Run Common\Behavior\InitHookBehavior [ RunTime:0.002311s ]
INFO: [ app_init ] --END-- [ RunTime:0.002650s ]
ERR: 无法加载模块:Public

[ 2017-07-08T11:37:50+08:00 ] 127.0.0.1 /Public/wechat/css/page.css
INFO: [ app_init ] --START--
INFO: Run Behavior\BuildLiteBehavior [ RunTime:0.000015s ]
INFO: Run Common\Behavior\InitHookBehavior [ RunTime:0.003155s ]
INFO: [ app_init ] --END-- [ RunTime:0.003602s ]
ERR: 无法加载模块:Public

[ 2017-07-08T11:37:50+08:00 ] 127.0.0.1 /Public/wechat/js/my.js
INFO: [ app_init ] --START--
INFO: Run Behavior\BuildLiteBehavior [ RunTime:0.000017s ]
INFO: Run Common\Behavior\InitHookBehavior [ RunTime:0.002533s ]
INFO: [ app_init ] --END-- [ RunTime:0.003014s ]
ERR: 无法加载模块:Public

[ 2017-07-08T11:40:43+08:00 ] 127.0.0.1 /Public/wechat/js/jquery-1.11.2.min.js
INFO: [ app_init ] --START--
INFO: Run Behavior\BuildLiteBehavior [ RunTime:0.000016s ]
INFO: Run Common\Behavior\InitHookBehavior [ RunTime:0.002544s ]
INFO: [ app_init ] --END-- [ RunTime:0.002995s ]
ERR: 无法加载模块:Public

[ 2017-07-08T11:40:43+08:00 ] 127.0.0.1 /Public/wechat/css/page.css
INFO: [ app_init ] --START--
INFO: Run Behavior\BuildLiteBehavior [ RunTime:0.000016s ]
INFO: Run Common\Behavior\InitHookBehavior [ RunTime:0.002721s ]
INFO: [ app_init ] --END-- [ RunTime:0.003222s ]
ERR: 无法加载模块:Public

[ 2017-07-08T11:40:43+08:00 ] 127.0.0.1 /Public/wechat/js/my.js
INFO: [ app_init ] --START--
INFO: Run Behavior\BuildLiteBehavior [ RunTime:0.000011s ]
INFO: Run Common\Behavior\InitHookBehavior [ RunTime:0.001755s ]
INFO: [ app_init ] --END-- [ RunTime:0.002083s ]
ERR: 无法加载模块:Public

[ 2017-07-08T11:40:44+08:00 ] 127.0.0.1 /Public/wechat/js/jquery-1.11.2.min.js
INFO: [ app_init ] --START--
INFO: Run Behavior\BuildLiteBehavior [ RunTime:0.000017s ]
INFO: Run Common\Behavior\InitHookBehavior [ RunTime:0.002903s ]
INFO: [ app_init ] --END-- [ RunTime:0.003436s ]
ERR: 无法加载模块:Public

[ 2017-07-08T11:40:44+08:00 ] 127.0.0.1 /Public/wechat/css/page.css
INFO: [ app_init ] --START--
INFO: Run Behavior\BuildLiteBehavior [ RunTime:0.000011s ]
INFO: Run Common\Behavior\InitHookBehavior [ RunTime:0.001934s ]
INFO: [ app_init ] --END-- [ RunTime:0.002261s ]
ERR: 无法加载模块:Public

[ 2017-07-08T11:40:44+08:00 ] 127.0.0.1 /Public/wechat/js/my.js
INFO: [ app_init ] --START--
INFO: Run Behavior\BuildLiteBehavior [ RunTime:0.000012s ]
INFO: Run Common\Behavior\InitHookBehavior [ RunTime:0.001823s ]
INFO: [ app_init ] --END-- [ RunTime:0.002177s ]
ERR: 无法加载模块:Public

[ 2017-07-08T11:41:33+08:00 ] 127.0.0.1 /Public/wechat/css/page.css
INFO: [ app_init ] --START--
INFO: Run Behavior\BuildLiteBehavior [ RunTime:0.000011s ]
INFO: Run Common\Behavior\InitHookBehavior [ RunTime:0.004832s ]
INFO: [ app_init ] --END-- [ RunTime:0.005197s ]
ERR: 无法加载模块:Public

[ 2017-07-08T11:41:33+08:00 ] 127.0.0.1 /Public/wechat/js/jquery-1.11.2.min.js
INFO: [ app_init ] --START--
INFO: Run Behavior\BuildLiteBehavior [ RunTime:0.000031s ]
INFO: Run Common\Behavior\InitHookBehavior [ RunTime:0.003277s ]
INFO: [ app_init ] --END-- [ RunTime:0.004364s ]
ERR: 无法加载模块:Public

[ 2017-07-08T11:41:33+08:00 ] 127.0.0.1 /Public/wechat/js/my.js
INFO: [ app_init ] --START--
INFO: Run Behavior\BuildLiteBehavior [ RunTime:0.000011s ]
INFO: Run Common\Behavior\InitHookBehavior [ RunTime:0.001912s ]
INFO: [ app_init ] --END-- [ RunTime:0.002238s ]
ERR: 无法加载模块:Public

[ 2017-07-08T11:41:35+08:00 ] 127.0.0.1 /Public/wechat/js/jquery-1.11.2.min.js
INFO: [ app_init ] --START--
INFO: Run Behavior\BuildLiteBehavior [ RunTime:0.000011s ]
INFO: Run Common\Behavior\InitHookBehavior [ RunTime:0.001870s ]
INFO: [ app_init ] --END-- [ RunTime:0.002197s ]
ERR: 无法加载模块:Public

[ 2017-07-08T11:41:35+08:00 ] 127.0.0.1 /Public/wechat/css/page.css
INFO: [ app_init ] --START--
INFO: Run Behavior\BuildLiteBehavior [ RunTime:0.000011s ]
INFO: Run Common\Behavior\InitHookBehavior [ RunTime:0.001901s ]
INFO: [ app_init ] --END-- [ RunTime:0.002222s ]
ERR: 无法加载模块:Public

[ 2017-07-08T11:41:35+08:00 ] 127.0.0.1 /Public/wechat/js/my.js
INFO: [ app_init ] --START--
INFO: Run Behavior\BuildLiteBehavior [ RunTime:0.000011s ]
INFO: Run Common\Behavior\InitHookBehavior [ RunTime:0.001789s ]
INFO: [ app_init ] --END-- [ RunTime:0.002106s ]
ERR: 无法加载模块:Public

[ 2017-07-08T11:41:40+08:00 ] 127.0.0.1 /Public/wechat/css/page.css
INFO: [ app_init ] --START--
INFO: Run Behavior\BuildLiteBehavior [ RunTime:0.000013s ]
INFO: Run Common\Behavior\InitHookBehavior [ RunTime:0.001931s ]
INFO: [ app_init ] --END-- [ RunTime:0.002310s ]
ERR: 无法加载模块:Public

[ 2017-07-08T11:41:40+08:00 ] 127.0.0.1 /Public/wechat/js/jquery-1.11.2.min.js
INFO: [ app_init ] --START--
INFO: Run Behavior\BuildLiteBehavior [ RunTime:0.000011s ]
INFO: Run Common\Behavior\InitHookBehavior [ RunTime:0.001867s ]
INFO: [ app_init ] --END-- [ RunTime:0.002196s ]
ERR: 无法加载模块:Public

[ 2017-07-08T11:41:40+08:00 ] 127.0.0.1 /Public/wechat/js/my.js
INFO: [ app_init ] --START--
INFO: Run Behavior\BuildLiteBehavior [ RunTime:0.000013s ]
INFO: Run Common\Behavior\InitHookBehavior [ RunTime:0.003870s ]
INFO: [ app_init ] --END-- [ RunTime:0.004359s ]
ERR: 无法加载模块:Public

[ 2017-07-08T11:42:09+08:00 ] 127.0.0.1 /Public/wechat/css/page.css
INFO: [ app_init ] --START--
INFO: Run Behavior\BuildLiteBehavior [ RunTime:0.000016s ]
INFO: Run Common\Behavior\InitHookBehavior [ RunTime:0.003819s ]
INFO: [ app_init ] --END-- [ RunTime:0.004266s ]
ERR: 无法加载模块:Public

[ 2017-07-08T11:42:09+08:00 ] 127.0.0.1 /Public/wechat/js/jquery-1.11.2.min.js
INFO: [ app_init ] --START--
INFO: Run Behavior\BuildLiteBehavior [ RunTime:0.000068s ]
INFO: Run Common\Behavior\InitHookBehavior [ RunTime:0.003749s ]
INFO: [ app_init ] --END-- [ RunTime:0.004342s ]
ERR: 无法加载模块:Public

[ 2017-07-08T11:42:09+08:00 ] 127.0.0.1 /Public/wechat/js/my.js
INFO: [ app_init ] --START--
INFO: Run Behavior\BuildLiteBehavior [ RunTime:0.000027s ]
INFO: Run Common\Behavior\InitHookBehavior [ RunTime:0.003763s ]
INFO: [ app_init ] --END-- [ RunTime:0.004380s ]
ERR: 无法加载模块:Public

[ 2017-07-08T11:42:34+08:00 ] 127.0.0.1 /Public/wechat/js/jquery-1.11.2.min.js
INFO: [ app_init ] --START--
INFO: Run Behavior\BuildLiteBehavior [ RunTime:0.000018s ]
INFO: Run Common\Behavior\InitHookBehavior [ RunTime:0.002867s ]
INFO: [ app_init ] --END-- [ RunTime:0.003393s ]
ERR: 无法加载模块:Public

[ 2017-07-08T11:42:34+08:00 ] 127.0.0.1 /Public/wechat/css/page.css
INFO: [ app_init ] --START--
INFO: Run Behavior\BuildLiteBehavior [ RunTime:0.000017s ]
INFO: Run Common\Behavior\InitHookBehavior [ RunTime:0.002852s ]
INFO: [ app_init ] --END-- [ RunTime:0.003362s ]
ERR: 无法加载模块:Public

[ 2017-07-08T11:42:34+08:00 ] 127.0.0.1 /Public/wechat/js/my.js
INFO: [ app_init ] --START--
INFO: Run Behavior\BuildLiteBehavior [ RunTime:0.000019s ]
INFO: Run Common\Behavior\InitHookBehavior [ RunTime:0.006190s ]
INFO: [ app_init ] --END-- [ RunTime:0.006742s ]
ERR: 无法加载模块:Public

[ 2017-07-08T11:43:10+08:00 ] 127.0.0.1 /Public/wechat/css/page.css
INFO: [ app_init ] --START--
INFO: Run Behavior\BuildLiteBehavior [ RunTime:0.000019s ]
INFO: Run Common\Behavior\InitHookBehavior [ RunTime:0.002874s ]
INFO: [ app_init ] --END-- [ RunTime:0.003521s ]
ERR: 无法加载模块:Public

[ 2017-07-08T11:43:10+08:00 ] 127.0.0.1 /Public/wechat/js/jquery-1.11.2.min.js
INFO: [ app_init ] --START--
INFO: Run Behavior\BuildLiteBehavior [ RunTime:0.000017s ]
INFO: Run Common\Behavior\InitHookBehavior [ RunTime:0.003190s ]
INFO: [ app_init ] --END-- [ RunTime:0.003741s ]
ERR: 无法加载模块:Public

[ 2017-07-08T11:43:10+08:00 ] 127.0.0.1 /Public/wechat/js/my.js
INFO: [ app_init ] --START--
INFO: Run Behavior\BuildLiteBehavior [ RunTime:0.000024s ]
INFO: Run Common\Behavior\InitHookBehavior [ RunTime:0.003555s ]
INFO: [ app_init ] --END-- [ RunTime:0.004209s ]
ERR: 无法加载模块:Public

[ 2017-07-08T11:45:03+08:00 ] 127.0.0.1 /Public/wechat/css/page.css
INFO: [ app_init ] --START--
INFO: Run Behavior\BuildLiteBehavior [ RunTime:0.000015s ]
INFO: Run Common\Behavior\InitHookBehavior [ RunTime:0.002727s ]
INFO: [ app_init ] --END-- [ RunTime:0.003220s ]
ERR: 无法加载模块:Public

[ 2017-07-08T11:45:03+08:00 ] 127.0.0.1 /Public/wechat/js/jquery-1.11.2.min.js
INFO: [ app_init ] --START--
INFO: Run Behavior\BuildLiteBehavior [ RunTime:0.000018s ]
INFO: Run Common\Behavior\InitHookBehavior [ RunTime:0.002990s ]
INFO: [ app_init ] --END-- [ RunTime:0.003501s ]
ERR: 无法加载模块:Public

[ 2017-07-08T11:45:03+08:00 ] 127.0.0.1 /Public/wechat/js/my.js
INFO: [ app_init ] --START--
INFO: Run Behavior\BuildLiteBehavior [ RunTime:0.000019s ]
INFO: Run Common\Behavior\InitHookBehavior [ RunTime:0.002872s ]
INFO: [ app_init ] --END-- [ RunTime:0.003384s ]
ERR: 无法加载模块:Public

[ 2017-07-08T11:45:36+08:00 ] 127.0.0.1 /Public/wechat/css/page.css
INFO: [ app_init ] --START--
INFO: Run Behavior\BuildLiteBehavior [ RunTime:0.000014s ]
INFO: Run Common\Behavior\InitHookBehavior [ RunTime:0.002213s ]
INFO: [ app_init ] --END-- [ RunTime:0.002684s ]
ERR: 无法加载模块:Public

[ 2017-07-08T11:46:03+08:00 ] 127.0.0.1 /Public/wechat/css/page.css
INFO: [ app_init ] --START--
INFO: Run Behavior\BuildLiteBehavior [ RunTime:0.000020s ]
INFO: Run Common\Behavior\InitHookBehavior [ RunTime:0.003022s ]
INFO: [ app_init ] --END-- [ RunTime:0.003587s ]
ERR: 无法加载模块:Public

[ 2017-07-08T11:46:03+08:00 ] 127.0.0.1 /Public/wechat/js/jquery-1.11.2.min.js
INFO: [ app_init ] --START--
INFO: Run Behavior\BuildLiteBehavior [ RunTime:0.000018s ]
INFO: Run Common\Behavior\InitHookBehavior [ RunTime:0.003017s ]
INFO: [ app_init ] --END-- [ RunTime:0.003637s ]
ERR: 无法加载模块:Public

[ 2017-07-08T11:46:03+08:00 ] 127.0.0.1 /Public/wechat/js/my.js
INFO: [ app_init ] --START--
INFO: Run Behavior\BuildLiteBehavior [ RunTime:0.000019s ]
INFO: Run Common\Behavior\InitHookBehavior [ RunTime:0.004660s ]
INFO: [ app_init ] --END-- [ RunTime:0.005261s ]
ERR: 无法加载模块:Public

[ 2017-07-08T11:47:13+08:00 ] 127.0.0.1 /Public/wechat/css/page.css
INFO: [ app_init ] --START--
INFO: Run Behavior\BuildLiteBehavior [ RunTime:0.000018s ]
INFO: Run Common\Behavior\InitHookBehavior [ RunTime:0.002751s ]
INFO: [ app_init ] --END-- [ RunTime:0.003257s ]
ERR: 无法加载模块:Public

[ 2017-07-08T11:47:13+08:00 ] 127.0.0.1 /Public/wechat/js/jquery-1.11.2.min.js
INFO: [ app_init ] --START--
INFO: Run Behavior\BuildLiteBehavior [ RunTime:0.000018s ]
INFO: Run Common\Behavior\InitHookBehavior [ RunTime:0.002832s ]
INFO: [ app_init ] --END-- [ RunTime:0.003386s ]
ERR: 无法加载模块:Public

[ 2017-07-08T11:47:13+08:00 ] 127.0.0.1 /Public/wechat/js/my.js
INFO: [ app_init ] --START--
INFO: Run Behavior\BuildLiteBehavior [ RunTime:0.000026s ]
INFO: Run Common\Behavior\InitHookBehavior [ RunTime:0.005050s ]
INFO: [ app_init ] --END-- [ RunTime:0.005743s ]
ERR: 无法加载模块:Public

[ 2017-07-08T11:47:52+08:00 ] 127.0.0.1 /Public/wechat/css/page.css
INFO: [ app_init ] --START--
INFO: Run Behavior\BuildLiteBehavior [ RunTime:0.000021s ]
INFO: Run Common\Behavior\InitHookBehavior [ RunTime:0.002979s ]
INFO: [ app_init ] --END-- [ RunTime:0.003530s ]
ERR: 无法加载模块:Public

[ 2017-07-08T11:47:52+08:00 ] 127.0.0.1 /Public/wechat/js/my.js
INFO: [ app_init ] --START--
INFO: Run Behavior\BuildLiteBehavior [ RunTime:0.000025s ]
INFO: Run Common\Behavior\InitHookBehavior [ RunTime:0.007039s ]
INFO: [ app_init ] --END-- [ RunTime:0.008105s ]
ERR: 无法加载模块:Public

[ 2017-07-08T11:51:54+08:00 ] 127.0.0.1 /Public/wechat/css/page.css
INFO: [ app_init ] --START--
INFO: Run Behavior\BuildLiteBehavior [ RunTime:0.000011s ]
INFO: Run Common\Behavior\InitHookBehavior [ RunTime:0.002794s ]
INFO: [ app_init ] --END-- [ RunTime:0.003130s ]
ERR: 无法加载模块:Public

[ 2017-07-08T11:51:54+08:00 ] 127.0.0.1 /Public/wechat/js/my.js
INFO: [ app_init ] --START--
INFO: Run Behavior\BuildLiteBehavior [ RunTime:0.000015s ]
INFO: Run Common\Behavior\InitHookBehavior [ RunTime:0.004308s ]
INFO: [ app_init ] --END-- [ RunTime:0.004778s ]
ERR: 无法加载模块:Public

[ 2017-07-08T11:52:17+08:00 ] 127.0.0.1 /Public/wechat/css/page.css
INFO: [ app_init ] --START--
INFO: Run Behavior\BuildLiteBehavior [ RunTime:0.000013s ]
INFO: Run Common\Behavior\InitHookBehavior [ RunTime:0.001227s ]
INFO: [ app_init ] --END-- [ RunTime:0.001550s ]
ERR: 无法加载模块:Public

[ 2017-07-08T11:52:17+08:00 ] 127.0.0.1 /Public/wechat/js/my.js
INFO: [ app_init ] --START--
INFO: Run Behavior\BuildLiteBehavior [ RunTime:0.000011s ]
INFO: Run Common\Behavior\InitHookBehavior [ RunTime:0.002001s ]
INFO: [ app_init ] --END-- [ RunTime:0.002384s ]
ERR: 无法加载模块:Public

[ 2017-07-08T11:53:02+08:00 ] 127.0.0.1 /Public/wechat/css/page.css
INFO: [ app_init ] --START--
INFO: Run Behavior\BuildLiteBehavior [ RunTime:0.000018s ]
INFO: Run Common\Behavior\InitHookBehavior [ RunTime:0.002977s ]
INFO: [ app_init ] --END-- [ RunTime:0.003488s ]
ERR: 无法加载模块:Public

[ 2017-07-08T11:53:08+08:00 ] 127.0.0.1 /Public/wechat/js/my.js
INFO: [ app_init ] --START--
INFO: Run Behavior\BuildLiteBehavior [ RunTime:0.000021s ]
INFO: Run Common\Behavior\InitHookBehavior [ RunTime:0.004035s ]
INFO: [ app_init ] --END-- [ RunTime:0.004741s ]
ERR: 无法加载模块:Public

[ 2017-07-08T15:09:11+08:00 ] 127.0.0.1 /undefined
INFO: [ app_init ] --START--
INFO: Run Behavior\BuildLiteBehavior [ RunTime:0.000013s ]
INFO: Run Common\Behavior\InitHookBehavior [ RunTime:0.003999s ]
INFO: [ app_init ] --END-- [ RunTime:0.004388s ]
ERR: 无法加载模块:Undefined

[ 2017-07-08T15:10:00+08:00 ] 127.0.0.1 /undefined
INFO: [ app_init ] --START--
INFO: Run Behavior\BuildLiteBehavior [ RunTime:0.000012s ]
INFO: Run Common\Behavior\InitHookBehavior [ RunTime:0.001873s ]
INFO: [ app_init ] --END-- [ RunTime:0.002228s ]
ERR: 无法加载模块:Undefined

[ 2017-07-08T15:10:01+08:00 ] 127.0.0.1 /undefined
INFO: [ app_init ] --START--
INFO: Run Behavior\BuildLiteBehavior [ RunTime:0.000022s ]
INFO: Run Common\Behavior\InitHookBehavior [ RunTime:0.003454s ]
INFO: [ app_init ] --END-- [ RunTime:0.004070s ]
ERR: 无法加载模块:Undefined

[ 2017-07-08T15:10:12+08:00 ] 127.0.0.1 /undefined
INFO: [ app_init ] --START--
INFO: Run Behavior\BuildLiteBehavior [ RunTime:0.000021s ]
INFO: Run Common\Behavior\InitHookBehavior [ RunTime:0.003476s ]
INFO: [ app_init ] --END-- [ RunTime:0.004068s ]
ERR: 无法加载模块:Undefined

[ 2017-07-08T15:10:14+08:00 ] 127.0.0.1 /undefined
INFO: [ app_init ] --START--
INFO: Run Behavior\BuildLiteBehavior [ RunTime:0.000036s ]
INFO: Run Common\Behavior\InitHookBehavior [ RunTime:0.002956s ]
INFO: [ app_init ] --END-- [ RunTime:0.003729s ]
ERR: 无法加载模块:Undefined

[ 2017-07-08T15:14:48+08:00 ] 127.0.0.1 /undefined
INFO: [ app_init ] --START--
INFO: Run Behavior\BuildLiteBehavior [ RunTime:0.000010s ]
INFO: Run Common\Behavior\InitHookBehavior [ RunTime:0.001729s ]
INFO: [ app_init ] --END-- [ RunTime:0.002026s ]
ERR: 无法加载模块:Undefined

[ 2017-07-08T15:14:51+08:00 ] 127.0.0.1 /undefined
INFO: [ app_init ] --START--
INFO: Run Behavior\BuildLiteBehavior [ RunTime:0.000025s ]
INFO: Run Common\Behavior\InitHookBehavior [ RunTime:0.003777s ]
INFO: [ app_init ] --END-- [ RunTime:0.004347s ]
ERR: 无法加载模块:Undefined

[ 2017-07-08T15:16:31+08:00 ] 127.0.0.1 /undefined
INFO: [ app_init ] --START--
INFO: Run Behavior\BuildLiteBehavior [ RunTime:0.000020s ]
INFO: Run Common\Behavior\InitHookBehavior [ RunTime:0.006313s ]
INFO: [ app_init ] --END-- [ RunTime:0.006919s ]
ERR: 无法加载模块:Undefined

[ 2017-07-08T15:16:31+08:00 ] 127.0.0.1 /undefined
INFO: [ app_init ] --START--
INFO: Run Behavior\BuildLiteBehavior [ RunTime:0.000012s ]
INFO: Run Common\Behavior\InitHookBehavior [ RunTime:0.002676s ]
INFO: [ app_init ] --END-- [ RunTime:0.003053s ]
ERR: 无法加载模块:Undefined

[ 2017-07-08T15:16:38+08:00 ] 127.0.0.1 /undefined
INFO: [ app_init ] --START--
INFO: Run Behavior\BuildLiteBehavior [ RunTime:0.000113s ]
INFO: Run Common\Behavior\InitHookBehavior [ RunTime:0.002964s ]
INFO: [ app_init ] --END-- [ RunTime:0.004816s ]
ERR: 无法加载模块:Undefined

[ 2017-07-08T15:16:38+08:00 ] 127.0.0.1 /undefined
INFO: [ app_init ] --START--
INFO: Run Behavior\BuildLiteBehavior [ RunTime:0.000020s ]
INFO: Run Common\Behavior\InitHookBehavior [ RunTime:0.003700s ]
INFO: [ app_init ] --END-- [ RunTime:0.004333s ]
ERR: 无法加载模块:Undefined

[ 2017-07-08T15:32:14+08:00 ] 127.0.0.1 /undefined
INFO: [ app_init ] --START--
INFO: Run Behavior\BuildLiteBehavior [ RunTime:0.000020s ]
INFO: Run Common\Behavior\InitHookBehavior [ RunTime:0.002460s ]
INFO: [ app_init ] --END-- [ RunTime:0.003109s ]
ERR: 无法加载模块:Undefined

[ 2017-07-08T15:32:15+08:00 ] 127.0.0.1 /undefined
INFO: [ app_init ] --START--
INFO: Run Behavior\BuildLiteBehavior [ RunTime:0.000012s ]
INFO: Run Common\Behavior\InitHookBehavior [ RunTime:0.001756s ]
INFO: [ app_init ] --END-- [ RunTime:0.002083s ]
ERR: 无法加载模块:Undefined

[ 2017-07-08T15:32:22+08:00 ] 127.0.0.1 /undefined
INFO: [ app_init ] --START--
INFO: Run Behavior\BuildLiteBehavior [ RunTime:0.000012s ]
INFO: Run Common\Behavior\InitHookBehavior [ RunTime:0.001754s ]
INFO: [ app_init ] --END-- [ RunTime:0.002094s ]
ERR: 无法加载模块:Undefined

[ 2017-07-08T15:32:23+08:00 ] 127.0.0.1 /undefined
INFO: [ app_init ] --START--
INFO: Run Behavior\BuildLiteBehavior [ RunTime:0.000022s ]
INFO: Run Common\Behavior\InitHookBehavior [ RunTime:0.005220s ]
INFO: [ app_init ] --END-- [ RunTime:0.006467s ]
ERR: 无法加载模块:Undefined

[ 2017-07-08T15:34:49+08:00 ] 127.0.0.1 /undefined
INFO: [ app_init ] --START--
INFO: Run Behavior\BuildLiteBehavior [ RunTime:0.000022s ]
INFO: Run Common\Behavior\InitHookBehavior [ RunTime:0.003819s ]
INFO: [ app_init ] --END-- [ RunTime:0.004435s ]
ERR: 无法加载模块:Undefined

[ 2017-07-08T15:34:50+08:00 ] 127.0.0.1 /undefined
INFO: [ app_init ] --START--
INFO: Run Behavior\BuildLiteBehavior [ RunTime:0.000013s ]
INFO: Run Common\Behavior\InitHookBehavior [ RunTime:0.002841s ]
INFO: [ app_init ] --END-- [ RunTime:0.003535s ]
ERR: 无法加载模块:Undefined

[ 2017-07-08T15:35:30+08:00 ] 127.0.0.1 /undefined
INFO: [ app_init ] --START--
INFO: Run Behavior\BuildLiteBehavior [ RunTime:0.000012s ]
INFO: Run Common\Behavior\InitHookBehavior [ RunTime:0.001662s ]
INFO: [ app_init ] --END-- [ RunTime:0.002027s ]
ERR: 无法加载模块:Undefined

[ 2017-07-08T15:35:30+08:00 ] 127.0.0.1 /undefined
INFO: [ app_init ] --START--
INFO: Run Behavior\BuildLiteBehavior [ RunTime:0.000020s ]
INFO: Run Common\Behavior\InitHookBehavior [ RunTime:0.003471s ]
INFO: [ app_init ] --END-- [ RunTime:0.004089s ]
ERR: 无法加载模块:Undefined

[ 2017-07-08T15:36:45+08:00 ] 127.0.0.1 /undefined
INFO: [ app_init ] --START--
INFO: Run Behavior\BuildLiteBehavior [ RunTime:0.000010s ]
INFO: Run Common\Behavior\InitHookBehavior [ RunTime:0.001698s ]
INFO: [ app_init ] --END-- [ RunTime:0.002012s ]
ERR: 无法加载模块:Undefined

[ 2017-07-08T15:36:46+08:00 ] 127.0.0.1 /undefined
INFO: [ app_init ] --START--
INFO: Run Behavior\BuildLiteBehavior [ RunTime:0.000011s ]
INFO: Run Common\Behavior\InitHookBehavior [ RunTime:0.001772s ]
INFO: [ app_init ] --END-- [ RunTime:0.002068s ]
ERR: 无法加载模块:Undefined

[ 2017-07-08T15:44:13+08:00 ] 127.0.0.1 /undefined
INFO: [ app_init ] --START--
INFO: Run Behavior\BuildLiteBehavior [ RunTime:0.000011s ]
INFO: Run Common\Behavior\InitHookBehavior [ RunTime:0.001149s ]
INFO: [ app_init ] --END-- [ RunTime:0.001446s ]
ERR: 无法加载模块:Undefined

[ 2017-07-08T15:44:23+08:00 ] 127.0.0.1 /undefined
INFO: [ app_init ] --START--
INFO: Run Behavior\BuildLiteBehavior [ RunTime:0.000011s ]
INFO: Run Common\Behavior\InitHookBehavior [ RunTime:0.001745s ]
INFO: [ app_init ] --END-- [ RunTime:0.002105s ]
ERR: 无法加载模块:Undefined

[ 2017-07-08T15:44:24+08:00 ] 127.0.0.1 /undefined
INFO: [ app_init ] --START--
INFO: Run Behavior\BuildLiteBehavior [ RunTime:0.000012s ]
INFO: Run Common\Behavior\InitHookBehavior [ RunTime:0.001698s ]
INFO: [ app_init ] --END-- [ RunTime:0.002030s ]
ERR: 无法加载模块:Undefined

[ 2017-07-08T15:44:32+08:00 ] 127.0.0.1 /undefined
INFO: [ app_init ] --START--
INFO: Run Behavior\BuildLiteBehavior [ RunTime:0.000013s ]
INFO: Run Common\Behavior\InitHookBehavior [ RunTime:0.001786s ]
INFO: [ app_init ] --END-- [ RunTime:0.002189s ]
ERR: 无法加载模块:Undefined

[ 2017-07-08T15:44:33+08:00 ] 127.0.0.1 /undefined
INFO: [ app_init ] --START--
INFO: Run Behavior\BuildLiteBehavior [ RunTime:0.000010s ]
INFO: Run Common\Behavior\InitHookBehavior [ RunTime:0.001882s ]
INFO: [ app_init ] --END-- [ RunTime:0.002180s ]
ERR: 无法加载模块:Undefined

[ 2017-07-08T15:44:37+08:00 ] 127.0.0.1 /undefined
INFO: [ app_init ] --START--
INFO: Run Behavior\BuildLiteBehavior [ RunTime:0.000012s ]
INFO: Run Common\Behavior\InitHookBehavior [ RunTime:0.002272s ]
INFO: [ app_init ] --END-- [ RunTime:0.002598s ]
ERR: 无法加载模块:Undefined

[ 2017-07-08T15:44:38+08:00 ] 127.0.0.1 /undefined
INFO: [ app_init ] --START--
INFO: Run Behavior\BuildLiteBehavior [ RunTime:0.000010s ]
INFO: Run Common\Behavior\InitHookBehavior [ RunTime:0.001762s ]
INFO: [ app_init ] --END-- [ RunTime:0.002074s ]
ERR: 无法加载模块:Undefined

[ 2017-07-08T15:47:03+08:00 ] 127.0.0.1 /undefined
INFO: [ app_init ] --START--
INFO: Run Behavior\BuildLiteBehavior [ RunTime:0.000016s ]
INFO: Run Common\Behavior\InitHookBehavior [ RunTime:0.002597s ]
INFO: [ app_init ] --END-- [ RunTime:0.003051s ]
ERR: 无法加载模块:Undefined

[ 2017-07-08T15:47:04+08:00 ] 127.0.0.1 /undefined
INFO: [ app_init ] --START--
INFO: Run Behavior\BuildLiteBehavior [ RunTime:0.000011s ]
INFO: Run Common\Behavior\InitHookBehavior [ RunTime:0.002061s ]
INFO: [ app_init ] --END-- [ RunTime:0.002390s ]
ERR: 无法加载模块:Undefined

[ 2017-07-08T15:54:00+08:00 ] 127.0.0.1 /undefined
INFO: [ app_init ] --START--
INFO: Run Behavior\BuildLiteBehavior [ RunTime:0.000026s ]
INFO: Run Common\Behavior\InitHookBehavior [ RunTime:0.003572s ]
INFO: [ app_init ] --END-- [ RunTime:0.004219s ]
ERR: 无法加载模块:Undefined

[ 2017-07-08T15:54:11+08:00 ] 127.0.0.1 /undefined
INFO: [ app_init ] --START--
INFO: Run Behavior\BuildLiteBehavior [ RunTime:0.000013s ]
INFO: Run Common\Behavior\InitHookBehavior [ RunTime:0.002071s ]
INFO: [ app_init ] --END-- [ RunTime:0.002517s ]
ERR: 无法加载模块:Undefined

[ 2017-07-08T15:54:17+08:00 ] 127.0.0.1 /undefined
INFO: [ app_init ] --START--
INFO: Run Behavior\BuildLiteBehavior [ RunTime:0.000024s ]
INFO: Run Common\Behavior\InitHookBehavior [ RunTime:0.003512s ]
INFO: [ app_init ] --END-- [ RunTime:0.004185s ]
ERR: 无法加载模块:Undefined

[ 2017-07-08T15:54:33+08:00 ] 127.0.0.1 /undefined
INFO: [ app_init ] --START--
INFO: Run Behavior\BuildLiteBehavior [ RunTime:0.000016s ]
INFO: Run Common\Behavior\InitHookBehavior [ RunTime:0.003108s ]
INFO: [ app_init ] --END-- [ RunTime:0.003642s ]
ERR: 无法加载模块:Undefined

[ 2017-07-08T15:56:17+08:00 ] 127.0.0.1 /undefined
INFO: [ app_init ] --START--
INFO: Run Behavior\BuildLiteBehavior [ RunTime:0.000022s ]
INFO: Run Common\Behavior\InitHookBehavior [ RunTime:0.003667s ]
INFO: [ app_init ] --END-- [ RunTime:0.004608s ]
ERR: 无法加载模块:Undefined

[ 2017-07-08T15:56:26+08:00 ] 127.0.0.1 /undefined
INFO: [ app_init ] --START--
INFO: Run Behavior\BuildLiteBehavior [ RunTime:0.000019s ]
INFO: Run Common\Behavior\InitHookBehavior [ RunTime:0.003560s ]
INFO: [ app_init ] --END-- [ RunTime:0.004250s ]
ERR: 无法加载模块:Undefined

[ 2017-07-08T16:07:07+08:00 ] 127.0.0.1 /undefined
INFO: [ app_init ] --START--
INFO: Run Behavior\BuildLiteBehavior [ RunTime:0.000019s ]
INFO: Run Common\Behavior\InitHookBehavior [ RunTime:0.003082s ]
INFO: [ app_init ] --END-- [ RunTime:0.003684s ]
ERR: 无法加载模块:Undefined

[ 2017-07-08T16:11:30+08:00 ] 127.0.0.1 /undefined
INFO: [ app_init ] --START--
INFO: Run Behavior\BuildLiteBehavior [ RunTime:0.000016s ]
INFO: Run Common\Behavior\InitHookBehavior [ RunTime:0.003032s ]
INFO: [ app_init ] --END-- [ RunTime:0.003605s ]
ERR: 无法加载模块:Undefined

[ 2017-07-08T16:11:56+08:00 ] 127.0.0.1 /undefined
INFO: [ app_init ] --START--
INFO: Run Behavior\BuildLiteBehavior [ RunTime:0.000017s ]
INFO: Run Common\Behavior\InitHookBehavior [ RunTime:0.004649s ]
INFO: [ app_init ] --END-- [ RunTime:0.005117s ]
ERR: 无法加载模块:Undefined

[ 2017-07-08T16:21:58+08:00 ] 127.0.0.1 /undefined
INFO: [ app_init ] --START--
INFO: Run Behavior\BuildLiteBehavior [ RunTime:0.000017s ]
INFO: Run Common\Behavior\InitHookBehavior [ RunTime:0.002958s ]
INFO: [ app_init ] --END-- [ RunTime:0.003481s ]
ERR: 无法加载模块:Undefined

[ 2017-07-08T16:22:14+08:00 ] 127.0.0.1 /undefined
INFO: [ app_init ] --START--
INFO: Run Behavior\BuildLiteBehavior [ RunTime:0.000022s ]
INFO: Run Common\Behavior\InitHookBehavior [ RunTime:0.003649s ]
INFO: [ app_init ] --END-- [ RunTime:0.004385s ]
ERR: 无法加载模块:Undefined

[ 2017-07-08T16:30:58+08:00 ] 127.0.0.1 /null
INFO: [ app_init ] --START--
INFO: Run Behavior\BuildLiteBehavior [ RunTime:0.000044s ]
INFO: Run Common\Behavior\InitHookBehavior [ RunTime:0.002751s ]
INFO: [ app_init ] --END-- [ RunTime:0.003533s ]
ERR: 无法加载模块:Null

[ 2017-07-08T16:42:24+08:00 ] 127.0.0.1 /notice.html
INFO: [ app_init ] --START--
INFO: Run Behavior\BuildLiteBehavior [ RunTime:0.000010s ]
INFO: Run Common\Behavior\InitHookBehavior [ RunTime:0.001168s ]
INFO: [ app_init ] --END-- [ RunTime:0.001462s ]
ERR: 无法加载模块:Notice

[ 2017-07-08T16:42:30+08:00 ] 127.0.0.1 /notice.html
INFO: [ app_init ] --START--
INFO: Run Behavior\BuildLiteBehavior [ RunTime:0.000016s ]
INFO: Run Common\Behavior\InitHookBehavior [ RunTime:0.002485s ]
INFO: [ app_init ] --END-- [ RunTime:0.003068s ]
ERR: 无法加载模块:Notice

[ 2017-07-08T17:09:44+08:00 ] 127.0.0.1 /notice.html
INFO: [ app_init ] --START--
INFO: Run Behavior\BuildLiteBehavior [ RunTime:0.000011s ]
INFO: Run Common\Behavior\InitHookBehavior [ RunTime:0.001881s ]
INFO: [ app_init ] --END-- [ RunTime:0.002171s ]
ERR: 无法加载模块:Notice

[ 2017-07-08T22:11:36+08:00 ] 127.0.0.1 /favicon.ico
INFO: [ app_init ] --START--
INFO: Run Behavior\BuildLiteBehavior [ RunTime:0.000020s ]
INFO: Run Common\Behavior\InitHookBehavior [ RunTime:0.005006s ]
INFO: [ app_init ] --END-- [ RunTime:0.005622s ]

[ 2017-07-08T22:58:25+08:00 ] 127.0.0.1 /notice.html
INFO: [ app_init ] --START--
INFO: Run Behavior\BuildLiteBehavior [ RunTime:0.000010s ]
INFO: Run Common\Behavior\InitHookBehavior [ RunTime:0.002193s ]
INFO: [ app_init ] --END-- [ RunTime:0.002531s ]
ERR: 无法加载模块:Notice

[ 2017-07-08T23:00:09+08:00 ] 127.0.0.1 /notice.html
INFO: [ app_init ] --START--
INFO: Run Behavior\BuildLiteBehavior [ RunTime:0.000011s ]
INFO: Run Common\Behavior\InitHookBehavior [ RunTime:0.001845s ]
INFO: [ app_init ] --END-- [ RunTime:0.002184s ]
ERR: 无法加载模块:Notice

[ 2017-07-08T23:08:19+08:00 ] 127.0.0.1 /null
INFO: [ app_init ] --START--
INFO: Run Behavior\BuildLiteBehavior [ RunTime:0.000013s ]
INFO: Run Common\Behavior\InitHookBehavior [ RunTime:0.001149s ]
INFO: [ app_init ] --END-- [ RunTime:0.001499s ]
ERR: 无法加载模块:Null

